<?xml version="1.0" encoding="UTF-8"?>
<trace:TraceModel
    xmi:version="2.0"
    xmlns:xmi="http://www.omg.org/XMI"
    xmlns:trace="http://www.eclipse.org/gmf/2006/Trace">
  <nodeTraces
      visualID="2007"
      queryText="(let _eClass_:ecore::EClass = modelFacet.metaClass.ecoreClass in _eClass_.ePackage.nsURI = 'http://www.kybele.es/elastic/models/e3value/1.0' and _eClass_.name = 'E3ValueModel') and (let _containmentMF_:ecore::EStructuralFeature = modelFacet.containmentMetaFeature.ecoreFeature in (let _eClass_:ecore::EClass = _containmentMF_.eContainingClass in _eClass_.ePackage.nsURI = 'http://www.kybele.es/elastic/models/e3value/1.0' and _eClass_.name = 'E3ValueDiagram') and _containmentMF_.name = 'hasE3ValueModels')">
    <compartmentTraces
        visualID="7006"
        queryText="true"/>
  </nodeTraces>
  <childNodeTraces
      visualID="3001"
      queryText="(let _eClass_:ecore::EClass = modelFacet.metaClass.ecoreClass in _eClass_.ePackage.nsURI = 'http://www.kybele.es/elastic/models/e3value/1.0' and _eClass_.name = 'ValueInterface') and (let _containmentMF_:ecore::EStructuralFeature = modelFacet.containmentMetaFeature.ecoreFeature in (let _eClass_:ecore::EClass = _containmentMF_.eContainingClass in _eClass_.ePackage.nsURI = 'http://www.kybele.es/elastic/models/e3value/1.0' and _eClass_.name = 'BusinessActor') and _containmentMF_.name = 'hasValueInterfaces')">
    <compartmentTraces
        visualID="7001"
        queryText="true"/>
    <compartmentTraces
        visualID="7002"
        queryText="true"/>
    <compartmentTraces
        visualID="7003"
        queryText="true"/>
  </childNodeTraces>
  <childNodeTraces
      visualID="3002"
      queryText="(let _eClass_:ecore::EClass = modelFacet.metaClass.ecoreClass in _eClass_.ePackage.nsURI = 'http://www.kybele.es/elastic/models/e3value/1.0' and _eClass_.name = 'ValuePortIn') and (let _containmentMF_:ecore::EStructuralFeature = modelFacet.containmentMetaFeature.ecoreFeature in (let _eClass_:ecore::EClass = _containmentMF_.eContainingClass in _eClass_.ePackage.nsURI = 'http://www.kybele.es/elastic/models/e3value/1.0' and _eClass_.name = 'ValueInterface') and _containmentMF_.name = 'hasValuePortIn')"/>
  <childNodeTraces
      visualID="3003"
      queryText="(let _eClass_:ecore::EClass = modelFacet.metaClass.ecoreClass in _eClass_.ePackage.nsURI = 'http://www.kybele.es/elastic/models/e3value/1.0' and _eClass_.name = 'ValuePortOut') and (let _containmentMF_:ecore::EStructuralFeature = modelFacet.containmentMetaFeature.ecoreFeature in (let _eClass_:ecore::EClass = _containmentMF_.eContainingClass in _eClass_.ePackage.nsURI = 'http://www.kybele.es/elastic/models/e3value/1.0' and _eClass_.name = 'ValueInterface') and _containmentMF_.name = 'hasValuePortOut')"/>
  <childNodeTraces
      visualID="3004"
      queryText="(let _eClass_:ecore::EClass = modelFacet.metaClass.ecoreClass in _eClass_.ePackage.nsURI = 'http://www.kybele.es/elastic/models/e3value/1.0' and _eClass_.name = 'ResponsabilityElement') and (let _containmentMF_:ecore::EStructuralFeature = modelFacet.containmentMetaFeature.ecoreFeature in (let _eClass_:ecore::EClass = _containmentMF_.eContainingClass in _eClass_.ePackage.nsURI = 'http://www.kybele.es/elastic/models/e3value/1.0' and _eClass_.name = 'ValueInterface') and _containmentMF_.name = 'bindsResponsabilityElement')"/>
  <childNodeTraces
      visualID="3005"
      queryText="(let _eClass_:ecore::EClass = modelFacet.metaClass.ecoreClass in _eClass_.ePackage.nsURI = 'http://www.kybele.es/elastic/models/e3value/1.0' and _eClass_.name = 'ValueActivity') and (let _containmentMF_:ecore::EStructuralFeature = modelFacet.containmentMetaFeature.ecoreFeature in (let _eClass_:ecore::EClass = _containmentMF_.eContainingClass in _eClass_.ePackage.nsURI = 'http://www.kybele.es/elastic/models/e3value/1.0' and _eClass_.name = 'BusinessActor') and _containmentMF_.name = 'hasValueActivities')">
    <nodeLabelTraces
        visualID="5005"
        queryText="true"/>
    <compartmentTraces
        visualID="7050"
        queryText="true"/>
  </childNodeTraces>
  <childNodeTraces
      visualID="3006"
      queryText="(let _eClass_:ecore::EClass = modelFacet.metaClass.ecoreClass in _eClass_.ePackage.nsURI = 'http://www.kybele.es/elastic/models/e3value/1.0' and _eClass_.name = 'ValueActivity') and (let _containmentMF_:ecore::EStructuralFeature = modelFacet.containmentMetaFeature.ecoreFeature in (let _eClass_:ecore::EClass = _containmentMF_.eContainingClass in _eClass_.ePackage.nsURI = 'http://www.kybele.es/elastic/models/e3value/1.0' and _eClass_.name = 'BusinessActor') and _containmentMF_.name = 'hasValueActivities')">
    <nodeLabelTraces
        visualID="5006"
        queryText="true"/>
    <compartmentTraces
        visualID="7025"
        queryText="true"/>
  </childNodeTraces>
  <childNodeTraces
      visualID="3007"
      queryText="(let _eClass_:ecore::EClass = modelFacet.metaClass.ecoreClass in _eClass_.ePackage.nsURI = 'http://www.kybele.es/elastic/models/e3value/1.0' and _eClass_.name = 'ElementaryActor') and (let _containmentMF_:ecore::EStructuralFeature = modelFacet.containmentMetaFeature.ecoreFeature in (let _eClass_:ecore::EClass = _containmentMF_.eContainingClass in _eClass_.ePackage.nsURI = 'http://www.kybele.es/elastic/models/e3value/1.0' and _eClass_.name = 'CompositeActor') and _containmentMF_.name = 'hasElementaryActors')">
    <nodeLabelTraces
        visualID="5011"
        queryText="true"/>
    <compartmentTraces
        visualID="7067"
        queryText="true"/>
  </childNodeTraces>
  <childNodeTraces
      visualID="3008"
      queryText="(let _eClass_:ecore::EClass = modelFacet.metaClass.ecoreClass in _eClass_.ePackage.nsURI = 'http://www.kybele.es/elastic/models/e3value/1.0' and _eClass_.name = 'MarketSegment') and (let _containmentMF_:ecore::EStructuralFeature = modelFacet.containmentMetaFeature.ecoreFeature in (let _eClass_:ecore::EClass = _containmentMF_.eContainingClass in _eClass_.ePackage.nsURI = 'http://www.kybele.es/elastic/models/e3value/1.0' and _eClass_.name = 'E3ValueModel') and _containmentMF_.name = 'hasBusinessActors')">
    <nodeLabelTraces
        visualID="5009"
        queryText="true"/>
    <compartmentTraces
        visualID="7007"
        queryText="true"/>
  </childNodeTraces>
  <childNodeTraces
      visualID="3009"
      queryText="(let _eClass_:ecore::EClass = modelFacet.metaClass.ecoreClass in _eClass_.ePackage.nsURI = 'http://www.kybele.es/elastic/models/e3value/1.0' and _eClass_.name = 'ElementaryActor') and (let _containmentMF_:ecore::EStructuralFeature = modelFacet.containmentMetaFeature.ecoreFeature in (let _eClass_:ecore::EClass = _containmentMF_.eContainingClass in _eClass_.ePackage.nsURI = 'http://www.kybele.es/elastic/models/e3value/1.0' and _eClass_.name = 'E3ValueModel') and _containmentMF_.name = 'hasBusinessActors')">
    <nodeLabelTraces
        visualID="5003"
        queryText="true"/>
    <compartmentTraces
        visualID="7008"
        queryText="true"/>
  </childNodeTraces>
  <childNodeTraces
      visualID="3010"
      queryText="(let _eClass_:ecore::EClass = modelFacet.metaClass.ecoreClass in _eClass_.ePackage.nsURI = 'http://www.kybele.es/elastic/models/e3value/1.0' and _eClass_.name = 'StartStimulus') and (let _containmentMF_:ecore::EStructuralFeature = modelFacet.containmentMetaFeature.ecoreFeature in (let _eClass_:ecore::EClass = _containmentMF_.eContainingClass in _eClass_.ePackage.nsURI = 'http://www.kybele.es/elastic/models/e3value/1.0' and _eClass_.name = 'BusinessActor') and _containmentMF_.name = 'hasDependenceElements')"/>
  <childNodeTraces
      visualID="3011"
      queryText="(let _eClass_:ecore::EClass = modelFacet.metaClass.ecoreClass in _eClass_.ePackage.nsURI = 'http://www.kybele.es/elastic/models/e3value/1.0' and _eClass_.name = 'EndStimulus') and (let _containmentMF_:ecore::EStructuralFeature = modelFacet.containmentMetaFeature.ecoreFeature in (let _eClass_:ecore::EClass = _containmentMF_.eContainingClass in _eClass_.ePackage.nsURI = 'http://www.kybele.es/elastic/models/e3value/1.0' and _eClass_.name = 'BusinessActor') and _containmentMF_.name = 'hasDependenceElements')"/>
  <childNodeTraces
      visualID="3012"
      queryText="(let _eClass_:ecore::EClass = modelFacet.metaClass.ecoreClass in _eClass_.ePackage.nsURI = 'http://www.kybele.es/elastic/models/e3value/1.0' and _eClass_.name = 'AndFork') and (let _containmentMF_:ecore::EStructuralFeature = modelFacet.containmentMetaFeature.ecoreFeature in (let _eClass_:ecore::EClass = _containmentMF_.eContainingClass in _eClass_.ePackage.nsURI = 'http://www.kybele.es/elastic/models/e3value/1.0' and _eClass_.name = 'BusinessActor') and _containmentMF_.name = 'hasDependenceElements')">
    <compartmentTraces
        visualID="7026"
        queryText="true"/>
    <compartmentTraces
        visualID="7027"
        queryText="true"/>
  </childNodeTraces>
  <childNodeTraces
      visualID="3013"
      queryText="(let _eClass_:ecore::EClass = modelFacet.metaClass.ecoreClass in _eClass_.ePackage.nsURI = 'http://www.kybele.es/elastic/models/e3value/1.0' and _eClass_.name = 'AndJoin') and (let _containmentMF_:ecore::EStructuralFeature = modelFacet.containmentMetaFeature.ecoreFeature in (let _eClass_:ecore::EClass = _containmentMF_.eContainingClass in _eClass_.ePackage.nsURI = 'http://www.kybele.es/elastic/models/e3value/1.0' and _eClass_.name = 'BusinessActor') and _containmentMF_.name = 'hasDependenceElements')">
    <compartmentTraces
        visualID="7028"
        queryText="true"/>
    <compartmentTraces
        visualID="7029"
        queryText="true"/>
  </childNodeTraces>
  <childNodeTraces
      visualID="3014"
      queryText="(let _eClass_:ecore::EClass = modelFacet.metaClass.ecoreClass in _eClass_.ePackage.nsURI = 'http://www.kybele.es/elastic/models/e3value/1.0' and _eClass_.name = 'OrFork') and (let _containmentMF_:ecore::EStructuralFeature = modelFacet.containmentMetaFeature.ecoreFeature in (let _eClass_:ecore::EClass = _containmentMF_.eContainingClass in _eClass_.ePackage.nsURI = 'http://www.kybele.es/elastic/models/e3value/1.0' and _eClass_.name = 'BusinessActor') and _containmentMF_.name = 'hasDependenceElements')">
    <compartmentTraces
        visualID="7030"
        queryText="true"/>
    <compartmentTraces
        visualID="7031"
        queryText="true"/>
  </childNodeTraces>
  <childNodeTraces
      visualID="3015"
      queryText="(let _eClass_:ecore::EClass = modelFacet.metaClass.ecoreClass in _eClass_.ePackage.nsURI = 'http://www.kybele.es/elastic/models/e3value/1.0' and _eClass_.name = 'OrJoin') and (let _containmentMF_:ecore::EStructuralFeature = modelFacet.containmentMetaFeature.ecoreFeature in (let _eClass_:ecore::EClass = _containmentMF_.eContainingClass in _eClass_.ePackage.nsURI = 'http://www.kybele.es/elastic/models/e3value/1.0' and _eClass_.name = 'BusinessActor') and _containmentMF_.name = 'hasDependenceElements')">
    <compartmentTraces
        visualID="7032"
        queryText="true"/>
    <compartmentTraces
        visualID="7033"
        queryText="true"/>
  </childNodeTraces>
  <childNodeTraces
      visualID="3016"
      queryText="(let _eClass_:ecore::EClass = modelFacet.metaClass.ecoreClass in _eClass_.ePackage.nsURI = 'http://www.kybele.es/elastic/models/e3value/1.0' and _eClass_.name = 'CompositeActor') and (let _containmentMF_:ecore::EStructuralFeature = modelFacet.containmentMetaFeature.ecoreFeature in (let _eClass_:ecore::EClass = _containmentMF_.eContainingClass in _eClass_.ePackage.nsURI = 'http://www.kybele.es/elastic/models/e3value/1.0' and _eClass_.name = 'E3ValueModel') and _containmentMF_.name = 'hasBusinessActors')">
    <nodeLabelTraces
        visualID="5004"
        queryText="true"/>
    <compartmentTraces
        visualID="7009"
        queryText="true"/>
  </childNodeTraces>
  <childNodeTraces
      visualID="3017"
      queryText="(let _eClass_:ecore::EClass = modelFacet.metaClass.ecoreClass in _eClass_.ePackage.nsURI = 'http://www.kybele.es/elastic/models/e3value/1.0' and _eClass_.name = 'StartStimulus') and (let _containmentMF_:ecore::EStructuralFeature = modelFacet.containmentMetaFeature.ecoreFeature in (let _eClass_:ecore::EClass = _containmentMF_.eContainingClass in _eClass_.ePackage.nsURI = 'http://www.kybele.es/elastic/models/e3value/1.0' and _eClass_.name = 'BusinessActor') and _containmentMF_.name = 'hasDependenceElements')"/>
  <childNodeTraces
      visualID="3018"
      queryText="(let _eClass_:ecore::EClass = modelFacet.metaClass.ecoreClass in _eClass_.ePackage.nsURI = 'http://www.kybele.es/elastic/models/e3value/1.0' and _eClass_.name = 'EndStimulus') and (let _containmentMF_:ecore::EStructuralFeature = modelFacet.containmentMetaFeature.ecoreFeature in (let _eClass_:ecore::EClass = _containmentMF_.eContainingClass in _eClass_.ePackage.nsURI = 'http://www.kybele.es/elastic/models/e3value/1.0' and _eClass_.name = 'BusinessActor') and _containmentMF_.name = 'hasDependenceElements')"/>
  <childNodeTraces
      visualID="3019"
      queryText="(let _eClass_:ecore::EClass = modelFacet.metaClass.ecoreClass in _eClass_.ePackage.nsURI = 'http://www.kybele.es/elastic/models/e3value/1.0' and _eClass_.name = 'AndFork') and (let _containmentMF_:ecore::EStructuralFeature = modelFacet.containmentMetaFeature.ecoreFeature in (let _eClass_:ecore::EClass = _containmentMF_.eContainingClass in _eClass_.ePackage.nsURI = 'http://www.kybele.es/elastic/models/e3value/1.0' and _eClass_.name = 'BusinessActor') and _containmentMF_.name = 'hasDependenceElements')">
    <compartmentTraces
        visualID="7034"
        queryText="true"/>
    <compartmentTraces
        visualID="7035"
        queryText="true"/>
  </childNodeTraces>
  <childNodeTraces
      visualID="3020"
      queryText="(let _eClass_:ecore::EClass = modelFacet.metaClass.ecoreClass in _eClass_.ePackage.nsURI = 'http://www.kybele.es/elastic/models/e3value/1.0' and _eClass_.name = 'AndJoin') and (let _containmentMF_:ecore::EStructuralFeature = modelFacet.containmentMetaFeature.ecoreFeature in (let _eClass_:ecore::EClass = _containmentMF_.eContainingClass in _eClass_.ePackage.nsURI = 'http://www.kybele.es/elastic/models/e3value/1.0' and _eClass_.name = 'BusinessActor') and _containmentMF_.name = 'hasDependenceElements')">
    <compartmentTraces
        visualID="7036"
        queryText="true"/>
    <compartmentTraces
        visualID="7037"
        queryText="true"/>
  </childNodeTraces>
  <childNodeTraces
      visualID="3021"
      queryText="(let _eClass_:ecore::EClass = modelFacet.metaClass.ecoreClass in _eClass_.ePackage.nsURI = 'http://www.kybele.es/elastic/models/e3value/1.0' and _eClass_.name = 'OrFork') and (let _containmentMF_:ecore::EStructuralFeature = modelFacet.containmentMetaFeature.ecoreFeature in (let _eClass_:ecore::EClass = _containmentMF_.eContainingClass in _eClass_.ePackage.nsURI = 'http://www.kybele.es/elastic/models/e3value/1.0' and _eClass_.name = 'BusinessActor') and _containmentMF_.name = 'hasDependenceElements')">
    <compartmentTraces
        visualID="7038"
        queryText="true"/>
    <compartmentTraces
        visualID="7039"
        queryText="true"/>
  </childNodeTraces>
  <childNodeTraces
      visualID="3022"
      queryText="(let _eClass_:ecore::EClass = modelFacet.metaClass.ecoreClass in _eClass_.ePackage.nsURI = 'http://www.kybele.es/elastic/models/e3value/1.0' and _eClass_.name = 'OrJoin') and (let _containmentMF_:ecore::EStructuralFeature = modelFacet.containmentMetaFeature.ecoreFeature in (let _eClass_:ecore::EClass = _containmentMF_.eContainingClass in _eClass_.ePackage.nsURI = 'http://www.kybele.es/elastic/models/e3value/1.0' and _eClass_.name = 'BusinessActor') and _containmentMF_.name = 'hasDependenceElements')">
    <compartmentTraces
        visualID="7040"
        queryText="true"/>
    <compartmentTraces
        visualID="7041"
        queryText="true"/>
  </childNodeTraces>
  <childNodeTraces
      visualID="3023"
      queryText="(let _eClass_:ecore::EClass = modelFacet.metaClass.ecoreClass in _eClass_.ePackage.nsURI = 'http://www.kybele.es/elastic/models/e3value/1.0' and _eClass_.name = 'ValueObject') and (let _containmentMF_:ecore::EStructuralFeature = modelFacet.containmentMetaFeature.ecoreFeature in (let _eClass_:ecore::EClass = _containmentMF_.eContainingClass in _eClass_.ePackage.nsURI = 'http://www.kybele.es/elastic/models/e3value/1.0' and _eClass_.name = 'E3ValueModel') and _containmentMF_.name = 'hasValueObjects')">
    <nodeLabelTraces
        visualID="5013"
        queryText="true"/>
  </childNodeTraces>
  <childNodeTraces
      visualID="3024"
      queryText="(let _eClass_:ecore::EClass = modelFacet.metaClass.ecoreClass in _eClass_.ePackage.nsURI = 'http://www.kybele.es/elastic/models/e3value/1.0' and _eClass_.name = 'StartStimulus') and (let _containmentMF_:ecore::EStructuralFeature = modelFacet.containmentMetaFeature.ecoreFeature in (let _eClass_:ecore::EClass = _containmentMF_.eContainingClass in _eClass_.ePackage.nsURI = 'http://www.kybele.es/elastic/models/e3value/1.0' and _eClass_.name = 'BusinessActor') and _containmentMF_.name = 'hasDependenceElements')"/>
  <childNodeTraces
      visualID="3025"
      queryText="(let _eClass_:ecore::EClass = modelFacet.metaClass.ecoreClass in _eClass_.ePackage.nsURI = 'http://www.kybele.es/elastic/models/e3value/1.0' and _eClass_.name = 'EndStimulus') and (let _containmentMF_:ecore::EStructuralFeature = modelFacet.containmentMetaFeature.ecoreFeature in (let _eClass_:ecore::EClass = _containmentMF_.eContainingClass in _eClass_.ePackage.nsURI = 'http://www.kybele.es/elastic/models/e3value/1.0' and _eClass_.name = 'BusinessActor') and _containmentMF_.name = 'hasDependenceElements')"/>
  <childNodeTraces
      visualID="3026"
      queryText="(let _eClass_:ecore::EClass = modelFacet.metaClass.ecoreClass in _eClass_.ePackage.nsURI = 'http://www.kybele.es/elastic/models/e3value/1.0' and _eClass_.name = 'AndFork') and (let _containmentMF_:ecore::EStructuralFeature = modelFacet.containmentMetaFeature.ecoreFeature in (let _eClass_:ecore::EClass = _containmentMF_.eContainingClass in _eClass_.ePackage.nsURI = 'http://www.kybele.es/elastic/models/e3value/1.0' and _eClass_.name = 'BusinessActor') and _containmentMF_.name = 'hasDependenceElements')">
    <compartmentTraces
        visualID="7042"
        queryText="true"/>
    <compartmentTraces
        visualID="7043"
        queryText="true"/>
  </childNodeTraces>
  <childNodeTraces
      visualID="3027"
      queryText="(let _eClass_:ecore::EClass = modelFacet.metaClass.ecoreClass in _eClass_.ePackage.nsURI = 'http://www.kybele.es/elastic/models/e3value/1.0' and _eClass_.name = 'AndJoin') and (let _containmentMF_:ecore::EStructuralFeature = modelFacet.containmentMetaFeature.ecoreFeature in (let _eClass_:ecore::EClass = _containmentMF_.eContainingClass in _eClass_.ePackage.nsURI = 'http://www.kybele.es/elastic/models/e3value/1.0' and _eClass_.name = 'BusinessActor') and _containmentMF_.name = 'hasDependenceElements')">
    <compartmentTraces
        visualID="7044"
        queryText="true"/>
    <compartmentTraces
        visualID="7045"
        queryText="true"/>
  </childNodeTraces>
  <childNodeTraces
      visualID="3028"
      queryText="(let _eClass_:ecore::EClass = modelFacet.metaClass.ecoreClass in _eClass_.ePackage.nsURI = 'http://www.kybele.es/elastic/models/e3value/1.0' and _eClass_.name = 'OrFork') and (let _containmentMF_:ecore::EStructuralFeature = modelFacet.containmentMetaFeature.ecoreFeature in (let _eClass_:ecore::EClass = _containmentMF_.eContainingClass in _eClass_.ePackage.nsURI = 'http://www.kybele.es/elastic/models/e3value/1.0' and _eClass_.name = 'BusinessActor') and _containmentMF_.name = 'hasDependenceElements')">
    <compartmentTraces
        visualID="7046"
        queryText="true"/>
    <compartmentTraces
        visualID="7047"
        queryText="true"/>
  </childNodeTraces>
  <childNodeTraces
      visualID="3029"
      queryText="(let _eClass_:ecore::EClass = modelFacet.metaClass.ecoreClass in _eClass_.ePackage.nsURI = 'http://www.kybele.es/elastic/models/e3value/1.0' and _eClass_.name = 'OrJoin') and (let _containmentMF_:ecore::EStructuralFeature = modelFacet.containmentMetaFeature.ecoreFeature in (let _eClass_:ecore::EClass = _containmentMF_.eContainingClass in _eClass_.ePackage.nsURI = 'http://www.kybele.es/elastic/models/e3value/1.0' and _eClass_.name = 'BusinessActor') and _containmentMF_.name = 'hasDependenceElements')">
    <compartmentTraces
        visualID="7048"
        queryText="true"/>
    <compartmentTraces
        visualID="7049"
        queryText="true"/>
  </childNodeTraces>
  <childNodeTraces
      visualID="3030"
      queryText="(let _eClass_:ecore::EClass = modelFacet.metaClass.ecoreClass in _eClass_.ePackage.nsURI = 'http://www.kybele.es/elastic/models/e3value/1.0' and _eClass_.name = 'ValueActivity') and (let _containmentMF_:ecore::EStructuralFeature = modelFacet.containmentMetaFeature.ecoreFeature in (let _eClass_:ecore::EClass = _containmentMF_.eContainingClass in _eClass_.ePackage.nsURI = 'http://www.kybele.es/elastic/models/e3value/1.0' and _eClass_.name = 'BusinessActor') and _containmentMF_.name = 'hasValueActivities')">
    <nodeLabelTraces
        visualID="5007"
        queryText="true"/>
    <compartmentTraces
        visualID="7068"
        queryText="true"/>
  </childNodeTraces>
  <childNodeTraces
      visualID="3031"
      queryText="(let _eClass_:ecore::EClass = modelFacet.metaClass.ecoreClass in _eClass_.ePackage.nsURI = 'http://www.kybele.es/elastic/models/e3value/1.0' and _eClass_.name = 'ValueInterface') and (let _containmentMF_:ecore::EStructuralFeature = modelFacet.containmentMetaFeature.ecoreFeature in (let _eClass_:ecore::EClass = _containmentMF_.eContainingClass in _eClass_.ePackage.nsURI = 'http://www.kybele.es/elastic/models/e3value/1.0' and _eClass_.name = 'ValueActivity') and _containmentMF_.name = 'hasValueInterfaces')">
    <compartmentTraces
        visualID="7010"
        queryText="true"/>
    <compartmentTraces
        visualID="7011"
        queryText="true"/>
    <compartmentTraces
        visualID="7012"
        queryText="true"/>
  </childNodeTraces>
  <childNodeTraces
      visualID="3032"
      queryText="(let _eClass_:ecore::EClass = modelFacet.metaClass.ecoreClass in _eClass_.ePackage.nsURI = 'http://www.kybele.es/elastic/models/e3value/1.0' and _eClass_.name = 'ValuePortIn') and (let _containmentMF_:ecore::EStructuralFeature = modelFacet.containmentMetaFeature.ecoreFeature in (let _eClass_:ecore::EClass = _containmentMF_.eContainingClass in _eClass_.ePackage.nsURI = 'http://www.kybele.es/elastic/models/e3value/1.0' and _eClass_.name = 'ValueInterface') and _containmentMF_.name = 'hasValuePortIn')"/>
  <childNodeTraces
      visualID="3033"
      queryText="(let _eClass_:ecore::EClass = modelFacet.metaClass.ecoreClass in _eClass_.ePackage.nsURI = 'http://www.kybele.es/elastic/models/e3value/1.0' and _eClass_.name = 'ValuePortOut') and (let _containmentMF_:ecore::EStructuralFeature = modelFacet.containmentMetaFeature.ecoreFeature in (let _eClass_:ecore::EClass = _containmentMF_.eContainingClass in _eClass_.ePackage.nsURI = 'http://www.kybele.es/elastic/models/e3value/1.0' and _eClass_.name = 'ValueInterface') and _containmentMF_.name = 'hasValuePortOut')"/>
  <childNodeTraces
      visualID="3034"
      queryText="(let _eClass_:ecore::EClass = modelFacet.metaClass.ecoreClass in _eClass_.ePackage.nsURI = 'http://www.kybele.es/elastic/models/e3value/1.0' and _eClass_.name = 'ResponsabilityElement') and (let _containmentMF_:ecore::EStructuralFeature = modelFacet.containmentMetaFeature.ecoreFeature in (let _eClass_:ecore::EClass = _containmentMF_.eContainingClass in _eClass_.ePackage.nsURI = 'http://www.kybele.es/elastic/models/e3value/1.0' and _eClass_.name = 'ValueInterface') and _containmentMF_.name = 'bindsResponsabilityElement')"/>
  <childNodeTraces
      visualID="3035"
      queryText="(let _eClass_:ecore::EClass = modelFacet.metaClass.ecoreClass in _eClass_.ePackage.nsURI = 'http://www.kybele.es/elastic/models/e3value/1.0' and _eClass_.name = 'ValueInterface') and (let _containmentMF_:ecore::EStructuralFeature = modelFacet.containmentMetaFeature.ecoreFeature in (let _eClass_:ecore::EClass = _containmentMF_.eContainingClass in _eClass_.ePackage.nsURI = 'http://www.kybele.es/elastic/models/e3value/1.0' and _eClass_.name = 'BusinessActor') and _containmentMF_.name = 'hasValueInterfaces')">
    <compartmentTraces
        visualID="7013"
        queryText="true"/>
    <compartmentTraces
        visualID="7014"
        queryText="true"/>
    <compartmentTraces
        visualID="7015"
        queryText="true"/>
  </childNodeTraces>
  <childNodeTraces
      visualID="3036"
      queryText="(let _eClass_:ecore::EClass = modelFacet.metaClass.ecoreClass in _eClass_.ePackage.nsURI = 'http://www.kybele.es/elastic/models/e3value/1.0' and _eClass_.name = 'ValuePortIn') and (let _containmentMF_:ecore::EStructuralFeature = modelFacet.containmentMetaFeature.ecoreFeature in (let _eClass_:ecore::EClass = _containmentMF_.eContainingClass in _eClass_.ePackage.nsURI = 'http://www.kybele.es/elastic/models/e3value/1.0' and _eClass_.name = 'ValueInterface') and _containmentMF_.name = 'hasValuePortIn')"/>
  <childNodeTraces
      visualID="3037"
      queryText="(let _eClass_:ecore::EClass = modelFacet.metaClass.ecoreClass in _eClass_.ePackage.nsURI = 'http://www.kybele.es/elastic/models/e3value/1.0' and _eClass_.name = 'ValuePortOut') and (let _containmentMF_:ecore::EStructuralFeature = modelFacet.containmentMetaFeature.ecoreFeature in (let _eClass_:ecore::EClass = _containmentMF_.eContainingClass in _eClass_.ePackage.nsURI = 'http://www.kybele.es/elastic/models/e3value/1.0' and _eClass_.name = 'ValueInterface') and _containmentMF_.name = 'hasValuePortOut')"/>
  <childNodeTraces
      visualID="3038"
      queryText="(let _eClass_:ecore::EClass = modelFacet.metaClass.ecoreClass in _eClass_.ePackage.nsURI = 'http://www.kybele.es/elastic/models/e3value/1.0' and _eClass_.name = 'ResponsabilityElement') and (let _containmentMF_:ecore::EStructuralFeature = modelFacet.containmentMetaFeature.ecoreFeature in (let _eClass_:ecore::EClass = _containmentMF_.eContainingClass in _eClass_.ePackage.nsURI = 'http://www.kybele.es/elastic/models/e3value/1.0' and _eClass_.name = 'ValueInterface') and _containmentMF_.name = 'bindsResponsabilityElement')"/>
  <childNodeTraces
      visualID="3039"
      queryText="(let _eClass_:ecore::EClass = modelFacet.metaClass.ecoreClass in _eClass_.ePackage.nsURI = 'http://www.kybele.es/elastic/models/e3value/1.0' and _eClass_.name = 'ValueInterface') and (let _containmentMF_:ecore::EStructuralFeature = modelFacet.containmentMetaFeature.ecoreFeature in (let _eClass_:ecore::EClass = _containmentMF_.eContainingClass in _eClass_.ePackage.nsURI = 'http://www.kybele.es/elastic/models/e3value/1.0' and _eClass_.name = 'ValueActivity') and _containmentMF_.name = 'hasValueInterfaces')">
    <compartmentTraces
        visualID="7016"
        queryText="true"/>
    <compartmentTraces
        visualID="7017"
        queryText="true"/>
    <compartmentTraces
        visualID="7018"
        queryText="true"/>
  </childNodeTraces>
  <childNodeTraces
      visualID="3040"
      queryText="(let _eClass_:ecore::EClass = modelFacet.metaClass.ecoreClass in _eClass_.ePackage.nsURI = 'http://www.kybele.es/elastic/models/e3value/1.0' and _eClass_.name = 'ValuePortIn') and (let _containmentMF_:ecore::EStructuralFeature = modelFacet.containmentMetaFeature.ecoreFeature in (let _eClass_:ecore::EClass = _containmentMF_.eContainingClass in _eClass_.ePackage.nsURI = 'http://www.kybele.es/elastic/models/e3value/1.0' and _eClass_.name = 'ValueInterface') and _containmentMF_.name = 'hasValuePortIn')"/>
  <childNodeTraces
      visualID="3041"
      queryText="(let _eClass_:ecore::EClass = modelFacet.metaClass.ecoreClass in _eClass_.ePackage.nsURI = 'http://www.kybele.es/elastic/models/e3value/1.0' and _eClass_.name = 'ValuePortOut') and (let _containmentMF_:ecore::EStructuralFeature = modelFacet.containmentMetaFeature.ecoreFeature in (let _eClass_:ecore::EClass = _containmentMF_.eContainingClass in _eClass_.ePackage.nsURI = 'http://www.kybele.es/elastic/models/e3value/1.0' and _eClass_.name = 'ValueInterface') and _containmentMF_.name = 'hasValuePortOut')"/>
  <childNodeTraces
      visualID="3042"
      queryText="(let _eClass_:ecore::EClass = modelFacet.metaClass.ecoreClass in _eClass_.ePackage.nsURI = 'http://www.kybele.es/elastic/models/e3value/1.0' and _eClass_.name = 'ResponsabilityElement') and (let _containmentMF_:ecore::EStructuralFeature = modelFacet.containmentMetaFeature.ecoreFeature in (let _eClass_:ecore::EClass = _containmentMF_.eContainingClass in _eClass_.ePackage.nsURI = 'http://www.kybele.es/elastic/models/e3value/1.0' and _eClass_.name = 'ValueInterface') and _containmentMF_.name = 'bindsResponsabilityElement')"/>
  <childNodeTraces
      visualID="3043"
      queryText="(let _eClass_:ecore::EClass = modelFacet.metaClass.ecoreClass in _eClass_.ePackage.nsURI = 'http://www.kybele.es/elastic/models/e3value/1.0' and _eClass_.name = 'ValueInterface') and (let _containmentMF_:ecore::EStructuralFeature = modelFacet.containmentMetaFeature.ecoreFeature in (let _eClass_:ecore::EClass = _containmentMF_.eContainingClass in _eClass_.ePackage.nsURI = 'http://www.kybele.es/elastic/models/e3value/1.0' and _eClass_.name = 'BusinessActor') and _containmentMF_.name = 'hasValueInterfaces')">
    <compartmentTraces
        visualID="7019"
        queryText="true"/>
    <compartmentTraces
        visualID="7020"
        queryText="true"/>
    <compartmentTraces
        visualID="7021"
        queryText="true"/>
  </childNodeTraces>
  <childNodeTraces
      visualID="3044"
      queryText="(let _eClass_:ecore::EClass = modelFacet.metaClass.ecoreClass in _eClass_.ePackage.nsURI = 'http://www.kybele.es/elastic/models/e3value/1.0' and _eClass_.name = 'ValuePortIn') and (let _containmentMF_:ecore::EStructuralFeature = modelFacet.containmentMetaFeature.ecoreFeature in (let _eClass_:ecore::EClass = _containmentMF_.eContainingClass in _eClass_.ePackage.nsURI = 'http://www.kybele.es/elastic/models/e3value/1.0' and _eClass_.name = 'ValueInterface') and _containmentMF_.name = 'hasValuePortIn')"/>
  <childNodeTraces
      visualID="3045"
      queryText="(let _eClass_:ecore::EClass = modelFacet.metaClass.ecoreClass in _eClass_.ePackage.nsURI = 'http://www.kybele.es/elastic/models/e3value/1.0' and _eClass_.name = 'ValuePortOut') and (let _containmentMF_:ecore::EStructuralFeature = modelFacet.containmentMetaFeature.ecoreFeature in (let _eClass_:ecore::EClass = _containmentMF_.eContainingClass in _eClass_.ePackage.nsURI = 'http://www.kybele.es/elastic/models/e3value/1.0' and _eClass_.name = 'ValueInterface') and _containmentMF_.name = 'hasValuePortOut')"/>
  <childNodeTraces
      visualID="3046"
      queryText="(let _eClass_:ecore::EClass = modelFacet.metaClass.ecoreClass in _eClass_.ePackage.nsURI = 'http://www.kybele.es/elastic/models/e3value/1.0' and _eClass_.name = 'ResponsabilityElement') and (let _containmentMF_:ecore::EStructuralFeature = modelFacet.containmentMetaFeature.ecoreFeature in (let _eClass_:ecore::EClass = _containmentMF_.eContainingClass in _eClass_.ePackage.nsURI = 'http://www.kybele.es/elastic/models/e3value/1.0' and _eClass_.name = 'ValueInterface') and _containmentMF_.name = 'bindsResponsabilityElement')"/>
  <childNodeTraces
      visualID="3047"
      queryText="(let _eClass_:ecore::EClass = modelFacet.metaClass.ecoreClass in _eClass_.ePackage.nsURI = 'http://www.kybele.es/elastic/models/e3value/1.0' and _eClass_.name = 'ValueInterface') and (let _containmentMF_:ecore::EStructuralFeature = modelFacet.containmentMetaFeature.ecoreFeature in (let _eClass_:ecore::EClass = _containmentMF_.eContainingClass in _eClass_.ePackage.nsURI = 'http://www.kybele.es/elastic/models/e3value/1.0' and _eClass_.name = 'ValueActivity') and _containmentMF_.name = 'hasValueInterfaces')">
    <compartmentTraces
        visualID="7022"
        queryText="true"/>
    <compartmentTraces
        visualID="7023"
        queryText="true"/>
    <compartmentTraces
        visualID="7024"
        queryText="true"/>
  </childNodeTraces>
  <childNodeTraces
      visualID="3048"
      queryText="(let _eClass_:ecore::EClass = modelFacet.metaClass.ecoreClass in _eClass_.ePackage.nsURI = 'http://www.kybele.es/elastic/models/e3value/1.0' and _eClass_.name = 'ValuePortIn') and (let _containmentMF_:ecore::EStructuralFeature = modelFacet.containmentMetaFeature.ecoreFeature in (let _eClass_:ecore::EClass = _containmentMF_.eContainingClass in _eClass_.ePackage.nsURI = 'http://www.kybele.es/elastic/models/e3value/1.0' and _eClass_.name = 'ValueInterface') and _containmentMF_.name = 'hasValuePortIn')"/>
  <childNodeTraces
      visualID="3049"
      queryText="(let _eClass_:ecore::EClass = modelFacet.metaClass.ecoreClass in _eClass_.ePackage.nsURI = 'http://www.kybele.es/elastic/models/e3value/1.0' and _eClass_.name = 'ValuePortOut') and (let _containmentMF_:ecore::EStructuralFeature = modelFacet.containmentMetaFeature.ecoreFeature in (let _eClass_:ecore::EClass = _containmentMF_.eContainingClass in _eClass_.ePackage.nsURI = 'http://www.kybele.es/elastic/models/e3value/1.0' and _eClass_.name = 'ValueInterface') and _containmentMF_.name = 'hasValuePortOut')"/>
  <childNodeTraces
      visualID="3050"
      queryText="(let _eClass_:ecore::EClass = modelFacet.metaClass.ecoreClass in _eClass_.ePackage.nsURI = 'http://www.kybele.es/elastic/models/e3value/1.0' and _eClass_.name = 'ResponsabilityElement') and (let _containmentMF_:ecore::EStructuralFeature = modelFacet.containmentMetaFeature.ecoreFeature in (let _eClass_:ecore::EClass = _containmentMF_.eContainingClass in _eClass_.ePackage.nsURI = 'http://www.kybele.es/elastic/models/e3value/1.0' and _eClass_.name = 'ValueInterface') and _containmentMF_.name = 'bindsResponsabilityElement')"/>
  <childNodeTraces
      visualID="3051"
      queryText="(let _eClass_:ecore::EClass = modelFacet.metaClass.ecoreClass in _eClass_.ePackage.nsURI = 'http://www.kybele.es/elastic/models/e3value/1.0' and _eClass_.name = 'StartStimulus') and (let _containmentMF_:ecore::EStructuralFeature = modelFacet.containmentMetaFeature.ecoreFeature in (let _eClass_:ecore::EClass = _containmentMF_.eContainingClass in _eClass_.ePackage.nsURI = 'http://www.kybele.es/elastic/models/e3value/1.0' and _eClass_.name = 'ValueActivity') and _containmentMF_.name = 'hasDependenceElements')"/>
  <childNodeTraces
      visualID="3052"
      queryText="(let _eClass_:ecore::EClass = modelFacet.metaClass.ecoreClass in _eClass_.ePackage.nsURI = 'http://www.kybele.es/elastic/models/e3value/1.0' and _eClass_.name = 'EndStimulus') and (let _containmentMF_:ecore::EStructuralFeature = modelFacet.containmentMetaFeature.ecoreFeature in (let _eClass_:ecore::EClass = _containmentMF_.eContainingClass in _eClass_.ePackage.nsURI = 'http://www.kybele.es/elastic/models/e3value/1.0' and _eClass_.name = 'ValueActivity') and _containmentMF_.name = 'hasDependenceElements')"/>
  <childNodeTraces
      visualID="3053"
      queryText="(let _eClass_:ecore::EClass = modelFacet.metaClass.ecoreClass in _eClass_.ePackage.nsURI = 'http://www.kybele.es/elastic/models/e3value/1.0' and _eClass_.name = 'AndFork') and (let _containmentMF_:ecore::EStructuralFeature = modelFacet.containmentMetaFeature.ecoreFeature in (let _eClass_:ecore::EClass = _containmentMF_.eContainingClass in _eClass_.ePackage.nsURI = 'http://www.kybele.es/elastic/models/e3value/1.0' and _eClass_.name = 'ValueActivity') and _containmentMF_.name = 'hasDependenceElements')">
    <compartmentTraces
        visualID="7051"
        queryText="true"/>
    <compartmentTraces
        visualID="7052"
        queryText="true"/>
  </childNodeTraces>
  <childNodeTraces
      visualID="3054"
      queryText="(let _eClass_:ecore::EClass = modelFacet.metaClass.ecoreClass in _eClass_.ePackage.nsURI = 'http://www.kybele.es/elastic/models/e3value/1.0' and _eClass_.name = 'AndJoin') and (let _containmentMF_:ecore::EStructuralFeature = modelFacet.containmentMetaFeature.ecoreFeature in (let _eClass_:ecore::EClass = _containmentMF_.eContainingClass in _eClass_.ePackage.nsURI = 'http://www.kybele.es/elastic/models/e3value/1.0' and _eClass_.name = 'ValueActivity') and _containmentMF_.name = 'hasDependenceElements')">
    <compartmentTraces
        visualID="7053"
        queryText="true"/>
    <compartmentTraces
        visualID="7054"
        queryText="true"/>
  </childNodeTraces>
  <childNodeTraces
      visualID="3055"
      queryText="(let _eClass_:ecore::EClass = modelFacet.metaClass.ecoreClass in _eClass_.ePackage.nsURI = 'http://www.kybele.es/elastic/models/e3value/1.0' and _eClass_.name = 'OrFork') and (let _containmentMF_:ecore::EStructuralFeature = modelFacet.containmentMetaFeature.ecoreFeature in (let _eClass_:ecore::EClass = _containmentMF_.eContainingClass in _eClass_.ePackage.nsURI = 'http://www.kybele.es/elastic/models/e3value/1.0' and _eClass_.name = 'ValueActivity') and _containmentMF_.name = 'hasDependenceElements')">
    <compartmentTraces
        visualID="7055"
        queryText="true"/>
    <compartmentTraces
        visualID="7056"
        queryText="true"/>
  </childNodeTraces>
  <childNodeTraces
      visualID="3056"
      queryText="(let _eClass_:ecore::EClass = modelFacet.metaClass.ecoreClass in _eClass_.ePackage.nsURI = 'http://www.kybele.es/elastic/models/e3value/1.0' and _eClass_.name = 'OrJoin') and (let _containmentMF_:ecore::EStructuralFeature = modelFacet.containmentMetaFeature.ecoreFeature in (let _eClass_:ecore::EClass = _containmentMF_.eContainingClass in _eClass_.ePackage.nsURI = 'http://www.kybele.es/elastic/models/e3value/1.0' and _eClass_.name = 'ValueActivity') and _containmentMF_.name = 'hasDependenceElements')">
    <compartmentTraces
        visualID="7057"
        queryText="true"/>
    <compartmentTraces
        visualID="7058"
        queryText="true"/>
  </childNodeTraces>
  <childNodeTraces
      visualID="3057"
      queryText="(let _eClass_:ecore::EClass = modelFacet.metaClass.ecoreClass in _eClass_.ePackage.nsURI = 'http://www.kybele.es/elastic/models/e3value/1.0' and _eClass_.name = 'InputPort') and (let _containmentMF_:ecore::EStructuralFeature = modelFacet.containmentMetaFeature.ecoreFeature in (let _eClass_:ecore::EClass = _containmentMF_.eContainingClass in _eClass_.ePackage.nsURI = 'http://www.kybele.es/elastic/models/e3value/1.0' and _eClass_.name = 'ForkElement') and _containmentMF_.name = 'hasInputPort')"/>
  <childNodeTraces
      visualID="3058"
      queryText="(let _eClass_:ecore::EClass = modelFacet.metaClass.ecoreClass in _eClass_.ePackage.nsURI = 'http://www.kybele.es/elastic/models/e3value/1.0' and _eClass_.name = 'OutputPort') and (let _containmentMF_:ecore::EStructuralFeature = modelFacet.containmentMetaFeature.ecoreFeature in (let _eClass_:ecore::EClass = _containmentMF_.eContainingClass in _eClass_.ePackage.nsURI = 'http://www.kybele.es/elastic/models/e3value/1.0' and _eClass_.name = 'ForkElement') and _containmentMF_.name = 'hasOutputPorts')"/>
  <childNodeTraces
      visualID="3059"
      queryText="(let _eClass_:ecore::EClass = modelFacet.metaClass.ecoreClass in _eClass_.ePackage.nsURI = 'http://www.kybele.es/elastic/models/e3value/1.0' and _eClass_.name = 'InputPort') and (let _containmentMF_:ecore::EStructuralFeature = modelFacet.containmentMetaFeature.ecoreFeature in (let _eClass_:ecore::EClass = _containmentMF_.eContainingClass in _eClass_.ePackage.nsURI = 'http://www.kybele.es/elastic/models/e3value/1.0' and _eClass_.name = 'JoinElement') and _containmentMF_.name = 'hasInputPorts')"/>
  <childNodeTraces
      visualID="3060"
      queryText="(let _eClass_:ecore::EClass = modelFacet.metaClass.ecoreClass in _eClass_.ePackage.nsURI = 'http://www.kybele.es/elastic/models/e3value/1.0' and _eClass_.name = 'OutputPort') and (let _containmentMF_:ecore::EStructuralFeature = modelFacet.containmentMetaFeature.ecoreFeature in (let _eClass_:ecore::EClass = _containmentMF_.eContainingClass in _eClass_.ePackage.nsURI = 'http://www.kybele.es/elastic/models/e3value/1.0' and _eClass_.name = 'JoinElement') and _containmentMF_.name = 'hasOutputPort')"/>
  <childNodeTraces
      visualID="3061"
      queryText="(let _eClass_:ecore::EClass = modelFacet.metaClass.ecoreClass in _eClass_.ePackage.nsURI = 'http://www.kybele.es/elastic/models/e3value/1.0' and _eClass_.name = 'InputPort') and (let _containmentMF_:ecore::EStructuralFeature = modelFacet.containmentMetaFeature.ecoreFeature in (let _eClass_:ecore::EClass = _containmentMF_.eContainingClass in _eClass_.ePackage.nsURI = 'http://www.kybele.es/elastic/models/e3value/1.0' and _eClass_.name = 'ForkElement') and _containmentMF_.name = 'hasInputPort')"/>
  <childNodeTraces
      visualID="3062"
      queryText="(let _eClass_:ecore::EClass = modelFacet.metaClass.ecoreClass in _eClass_.ePackage.nsURI = 'http://www.kybele.es/elastic/models/e3value/1.0' and _eClass_.name = 'OutputPort') and (let _containmentMF_:ecore::EStructuralFeature = modelFacet.containmentMetaFeature.ecoreFeature in (let _eClass_:ecore::EClass = _containmentMF_.eContainingClass in _eClass_.ePackage.nsURI = 'http://www.kybele.es/elastic/models/e3value/1.0' and _eClass_.name = 'ForkElement') and _containmentMF_.name = 'hasOutputPorts')"/>
  <childNodeTraces
      visualID="3063"
      queryText="(let _eClass_:ecore::EClass = modelFacet.metaClass.ecoreClass in _eClass_.ePackage.nsURI = 'http://www.kybele.es/elastic/models/e3value/1.0' and _eClass_.name = 'InputPort') and (let _containmentMF_:ecore::EStructuralFeature = modelFacet.containmentMetaFeature.ecoreFeature in (let _eClass_:ecore::EClass = _containmentMF_.eContainingClass in _eClass_.ePackage.nsURI = 'http://www.kybele.es/elastic/models/e3value/1.0' and _eClass_.name = 'JoinElement') and _containmentMF_.name = 'hasInputPorts')"/>
  <childNodeTraces
      visualID="3064"
      queryText="(let _eClass_:ecore::EClass = modelFacet.metaClass.ecoreClass in _eClass_.ePackage.nsURI = 'http://www.kybele.es/elastic/models/e3value/1.0' and _eClass_.name = 'OutputPort') and (let _containmentMF_:ecore::EStructuralFeature = modelFacet.containmentMetaFeature.ecoreFeature in (let _eClass_:ecore::EClass = _containmentMF_.eContainingClass in _eClass_.ePackage.nsURI = 'http://www.kybele.es/elastic/models/e3value/1.0' and _eClass_.name = 'JoinElement') and _containmentMF_.name = 'hasOutputPort')"/>
  <childNodeTraces
      visualID="3065"
      queryText="(let _eClass_:ecore::EClass = modelFacet.metaClass.ecoreClass in _eClass_.ePackage.nsURI = 'http://www.kybele.es/elastic/models/e3value/1.0' and _eClass_.name = 'InputPort') and (let _containmentMF_:ecore::EStructuralFeature = modelFacet.containmentMetaFeature.ecoreFeature in (let _eClass_:ecore::EClass = _containmentMF_.eContainingClass in _eClass_.ePackage.nsURI = 'http://www.kybele.es/elastic/models/e3value/1.0' and _eClass_.name = 'ForkElement') and _containmentMF_.name = 'hasInputPort')"/>
  <childNodeTraces
      visualID="3066"
      queryText="(let _eClass_:ecore::EClass = modelFacet.metaClass.ecoreClass in _eClass_.ePackage.nsURI = 'http://www.kybele.es/elastic/models/e3value/1.0' and _eClass_.name = 'OutputPort') and (let _containmentMF_:ecore::EStructuralFeature = modelFacet.containmentMetaFeature.ecoreFeature in (let _eClass_:ecore::EClass = _containmentMF_.eContainingClass in _eClass_.ePackage.nsURI = 'http://www.kybele.es/elastic/models/e3value/1.0' and _eClass_.name = 'ForkElement') and _containmentMF_.name = 'hasOutputPorts')"/>
  <childNodeTraces
      visualID="3067"
      queryText="(let _eClass_:ecore::EClass = modelFacet.metaClass.ecoreClass in _eClass_.ePackage.nsURI = 'http://www.kybele.es/elastic/models/e3value/1.0' and _eClass_.name = 'InputPort') and (let _containmentMF_:ecore::EStructuralFeature = modelFacet.containmentMetaFeature.ecoreFeature in (let _eClass_:ecore::EClass = _containmentMF_.eContainingClass in _eClass_.ePackage.nsURI = 'http://www.kybele.es/elastic/models/e3value/1.0' and _eClass_.name = 'JoinElement') and _containmentMF_.name = 'hasInputPorts')"/>
  <childNodeTraces
      visualID="3068"
      queryText="(let _eClass_:ecore::EClass = modelFacet.metaClass.ecoreClass in _eClass_.ePackage.nsURI = 'http://www.kybele.es/elastic/models/e3value/1.0' and _eClass_.name = 'OutputPort') and (let _containmentMF_:ecore::EStructuralFeature = modelFacet.containmentMetaFeature.ecoreFeature in (let _eClass_:ecore::EClass = _containmentMF_.eContainingClass in _eClass_.ePackage.nsURI = 'http://www.kybele.es/elastic/models/e3value/1.0' and _eClass_.name = 'JoinElement') and _containmentMF_.name = 'hasOutputPort')"/>
  <childNodeTraces
      visualID="3069"
      queryText="(let _eClass_:ecore::EClass = modelFacet.metaClass.ecoreClass in _eClass_.ePackage.nsURI = 'http://www.kybele.es/elastic/models/e3value/1.0' and _eClass_.name = 'InputPort') and (let _containmentMF_:ecore::EStructuralFeature = modelFacet.containmentMetaFeature.ecoreFeature in (let _eClass_:ecore::EClass = _containmentMF_.eContainingClass in _eClass_.ePackage.nsURI = 'http://www.kybele.es/elastic/models/e3value/1.0' and _eClass_.name = 'ForkElement') and _containmentMF_.name = 'hasInputPort')"/>
  <childNodeTraces
      visualID="3070"
      queryText="(let _eClass_:ecore::EClass = modelFacet.metaClass.ecoreClass in _eClass_.ePackage.nsURI = 'http://www.kybele.es/elastic/models/e3value/1.0' and _eClass_.name = 'OutputPort') and (let _containmentMF_:ecore::EStructuralFeature = modelFacet.containmentMetaFeature.ecoreFeature in (let _eClass_:ecore::EClass = _containmentMF_.eContainingClass in _eClass_.ePackage.nsURI = 'http://www.kybele.es/elastic/models/e3value/1.0' and _eClass_.name = 'ForkElement') and _containmentMF_.name = 'hasOutputPorts')"/>
  <childNodeTraces
      visualID="3071"
      queryText="(let _eClass_:ecore::EClass = modelFacet.metaClass.ecoreClass in _eClass_.ePackage.nsURI = 'http://www.kybele.es/elastic/models/e3value/1.0' and _eClass_.name = 'InputPort') and (let _containmentMF_:ecore::EStructuralFeature = modelFacet.containmentMetaFeature.ecoreFeature in (let _eClass_:ecore::EClass = _containmentMF_.eContainingClass in _eClass_.ePackage.nsURI = 'http://www.kybele.es/elastic/models/e3value/1.0' and _eClass_.name = 'JoinElement') and _containmentMF_.name = 'hasInputPorts')"/>
  <childNodeTraces
      visualID="3072"
      queryText="(let _eClass_:ecore::EClass = modelFacet.metaClass.ecoreClass in _eClass_.ePackage.nsURI = 'http://www.kybele.es/elastic/models/e3value/1.0' and _eClass_.name = 'OutputPort') and (let _containmentMF_:ecore::EStructuralFeature = modelFacet.containmentMetaFeature.ecoreFeature in (let _eClass_:ecore::EClass = _containmentMF_.eContainingClass in _eClass_.ePackage.nsURI = 'http://www.kybele.es/elastic/models/e3value/1.0' and _eClass_.name = 'JoinElement') and _containmentMF_.name = 'hasOutputPort')"/>
  <childNodeTraces
      visualID="3073"
      queryText="(let _eClass_:ecore::EClass = modelFacet.metaClass.ecoreClass in _eClass_.ePackage.nsURI = 'http://www.kybele.es/elastic/models/e3value/1.0' and _eClass_.name = 'InputPort') and (let _containmentMF_:ecore::EStructuralFeature = modelFacet.containmentMetaFeature.ecoreFeature in (let _eClass_:ecore::EClass = _containmentMF_.eContainingClass in _eClass_.ePackage.nsURI = 'http://www.kybele.es/elastic/models/e3value/1.0' and _eClass_.name = 'ForkElement') and _containmentMF_.name = 'hasInputPort')"/>
  <childNodeTraces
      visualID="3074"
      queryText="(let _eClass_:ecore::EClass = modelFacet.metaClass.ecoreClass in _eClass_.ePackage.nsURI = 'http://www.kybele.es/elastic/models/e3value/1.0' and _eClass_.name = 'OutputPort') and (let _containmentMF_:ecore::EStructuralFeature = modelFacet.containmentMetaFeature.ecoreFeature in (let _eClass_:ecore::EClass = _containmentMF_.eContainingClass in _eClass_.ePackage.nsURI = 'http://www.kybele.es/elastic/models/e3value/1.0' and _eClass_.name = 'ForkElement') and _containmentMF_.name = 'hasOutputPorts')"/>
  <childNodeTraces
      visualID="3075"
      queryText="(let _eClass_:ecore::EClass = modelFacet.metaClass.ecoreClass in _eClass_.ePackage.nsURI = 'http://www.kybele.es/elastic/models/e3value/1.0' and _eClass_.name = 'InputPort') and (let _containmentMF_:ecore::EStructuralFeature = modelFacet.containmentMetaFeature.ecoreFeature in (let _eClass_:ecore::EClass = _containmentMF_.eContainingClass in _eClass_.ePackage.nsURI = 'http://www.kybele.es/elastic/models/e3value/1.0' and _eClass_.name = 'JoinElement') and _containmentMF_.name = 'hasInputPorts')"/>
  <childNodeTraces
      visualID="3076"
      queryText="(let _eClass_:ecore::EClass = modelFacet.metaClass.ecoreClass in _eClass_.ePackage.nsURI = 'http://www.kybele.es/elastic/models/e3value/1.0' and _eClass_.name = 'OutputPort') and (let _containmentMF_:ecore::EStructuralFeature = modelFacet.containmentMetaFeature.ecoreFeature in (let _eClass_:ecore::EClass = _containmentMF_.eContainingClass in _eClass_.ePackage.nsURI = 'http://www.kybele.es/elastic/models/e3value/1.0' and _eClass_.name = 'JoinElement') and _containmentMF_.name = 'hasOutputPort')"/>
  <childNodeTraces
      visualID="3077"
      queryText="(let _eClass_:ecore::EClass = modelFacet.metaClass.ecoreClass in _eClass_.ePackage.nsURI = 'http://www.kybele.es/elastic/models/e3value/1.0' and _eClass_.name = 'InputPort') and (let _containmentMF_:ecore::EStructuralFeature = modelFacet.containmentMetaFeature.ecoreFeature in (let _eClass_:ecore::EClass = _containmentMF_.eContainingClass in _eClass_.ePackage.nsURI = 'http://www.kybele.es/elastic/models/e3value/1.0' and _eClass_.name = 'ForkElement') and _containmentMF_.name = 'hasInputPort')"/>
  <childNodeTraces
      visualID="3078"
      queryText="(let _eClass_:ecore::EClass = modelFacet.metaClass.ecoreClass in _eClass_.ePackage.nsURI = 'http://www.kybele.es/elastic/models/e3value/1.0' and _eClass_.name = 'OutputPort') and (let _containmentMF_:ecore::EStructuralFeature = modelFacet.containmentMetaFeature.ecoreFeature in (let _eClass_:ecore::EClass = _containmentMF_.eContainingClass in _eClass_.ePackage.nsURI = 'http://www.kybele.es/elastic/models/e3value/1.0' and _eClass_.name = 'ForkElement') and _containmentMF_.name = 'hasOutputPorts')"/>
  <childNodeTraces
      visualID="3079"
      queryText="(let _eClass_:ecore::EClass = modelFacet.metaClass.ecoreClass in _eClass_.ePackage.nsURI = 'http://www.kybele.es/elastic/models/e3value/1.0' and _eClass_.name = 'InputPort') and (let _containmentMF_:ecore::EStructuralFeature = modelFacet.containmentMetaFeature.ecoreFeature in (let _eClass_:ecore::EClass = _containmentMF_.eContainingClass in _eClass_.ePackage.nsURI = 'http://www.kybele.es/elastic/models/e3value/1.0' and _eClass_.name = 'JoinElement') and _containmentMF_.name = 'hasInputPorts')"/>
  <childNodeTraces
      visualID="3080"
      queryText="(let _eClass_:ecore::EClass = modelFacet.metaClass.ecoreClass in _eClass_.ePackage.nsURI = 'http://www.kybele.es/elastic/models/e3value/1.0' and _eClass_.name = 'OutputPort') and (let _containmentMF_:ecore::EStructuralFeature = modelFacet.containmentMetaFeature.ecoreFeature in (let _eClass_:ecore::EClass = _containmentMF_.eContainingClass in _eClass_.ePackage.nsURI = 'http://www.kybele.es/elastic/models/e3value/1.0' and _eClass_.name = 'JoinElement') and _containmentMF_.name = 'hasOutputPort')"/>
  <childNodeTraces
      visualID="3081"
      queryText="(let _eClass_:ecore::EClass = modelFacet.metaClass.ecoreClass in _eClass_.ePackage.nsURI = 'http://www.kybele.es/elastic/models/e3value/1.0' and _eClass_.name = 'ValueObject') and (let _containmentMF_:ecore::EStructuralFeature = modelFacet.containmentMetaFeature.ecoreFeature in (let _eClass_:ecore::EClass = _containmentMF_.eContainingClass in _eClass_.ePackage.nsURI = 'http://www.kybele.es/elastic/models/e3value/1.0' and _eClass_.name = 'BusinessActor') and _containmentMF_.name = 'hasValueObjects')">
    <nodeLabelTraces
        visualID="5008"
        queryText="true"/>
  </childNodeTraces>
  <childNodeTraces
      visualID="3082"
      queryText="(let _eClass_:ecore::EClass = modelFacet.metaClass.ecoreClass in _eClass_.ePackage.nsURI = 'http://www.kybele.es/elastic/models/e3value/1.0' and _eClass_.name = 'StartStimulus') and (let _containmentMF_:ecore::EStructuralFeature = modelFacet.containmentMetaFeature.ecoreFeature in (let _eClass_:ecore::EClass = _containmentMF_.eContainingClass in _eClass_.ePackage.nsURI = 'http://www.kybele.es/elastic/models/e3value/1.0' and _eClass_.name = 'ValueActivity') and _containmentMF_.name = 'hasDependenceElements')"/>
  <childNodeTraces
      visualID="3083"
      queryText="(let _eClass_:ecore::EClass = modelFacet.metaClass.ecoreClass in _eClass_.ePackage.nsURI = 'http://www.kybele.es/elastic/models/e3value/1.0' and _eClass_.name = 'EndStimulus') and (let _containmentMF_:ecore::EStructuralFeature = modelFacet.containmentMetaFeature.ecoreFeature in (let _eClass_:ecore::EClass = _containmentMF_.eContainingClass in _eClass_.ePackage.nsURI = 'http://www.kybele.es/elastic/models/e3value/1.0' and _eClass_.name = 'ValueActivity') and _containmentMF_.name = 'hasDependenceElements')"/>
  <childNodeTraces
      visualID="3084"
      queryText="(let _eClass_:ecore::EClass = modelFacet.metaClass.ecoreClass in _eClass_.ePackage.nsURI = 'http://www.kybele.es/elastic/models/e3value/1.0' and _eClass_.name = 'AndFork') and (let _containmentMF_:ecore::EStructuralFeature = modelFacet.containmentMetaFeature.ecoreFeature in (let _eClass_:ecore::EClass = _containmentMF_.eContainingClass in _eClass_.ePackage.nsURI = 'http://www.kybele.es/elastic/models/e3value/1.0' and _eClass_.name = 'ValueActivity') and _containmentMF_.name = 'hasDependenceElements')">
    <compartmentTraces
        visualID="7059"
        queryText="true"/>
    <compartmentTraces
        visualID="7060"
        queryText="true"/>
  </childNodeTraces>
  <childNodeTraces
      visualID="3085"
      queryText="(let _eClass_:ecore::EClass = modelFacet.metaClass.ecoreClass in _eClass_.ePackage.nsURI = 'http://www.kybele.es/elastic/models/e3value/1.0' and _eClass_.name = 'AndJoin') and (let _containmentMF_:ecore::EStructuralFeature = modelFacet.containmentMetaFeature.ecoreFeature in (let _eClass_:ecore::EClass = _containmentMF_.eContainingClass in _eClass_.ePackage.nsURI = 'http://www.kybele.es/elastic/models/e3value/1.0' and _eClass_.name = 'ValueActivity') and _containmentMF_.name = 'hasDependenceElements')">
    <compartmentTraces
        visualID="7061"
        queryText="true"/>
    <compartmentTraces
        visualID="7062"
        queryText="true"/>
  </childNodeTraces>
  <childNodeTraces
      visualID="3086"
      queryText="(let _eClass_:ecore::EClass = modelFacet.metaClass.ecoreClass in _eClass_.ePackage.nsURI = 'http://www.kybele.es/elastic/models/e3value/1.0' and _eClass_.name = 'OrFork') and (let _containmentMF_:ecore::EStructuralFeature = modelFacet.containmentMetaFeature.ecoreFeature in (let _eClass_:ecore::EClass = _containmentMF_.eContainingClass in _eClass_.ePackage.nsURI = 'http://www.kybele.es/elastic/models/e3value/1.0' and _eClass_.name = 'ValueActivity') and _containmentMF_.name = 'hasDependenceElements')">
    <compartmentTraces
        visualID="7063"
        queryText="true"/>
    <compartmentTraces
        visualID="7064"
        queryText="true"/>
  </childNodeTraces>
  <childNodeTraces
      visualID="3087"
      queryText="(let _eClass_:ecore::EClass = modelFacet.metaClass.ecoreClass in _eClass_.ePackage.nsURI = 'http://www.kybele.es/elastic/models/e3value/1.0' and _eClass_.name = 'OrJoin') and (let _containmentMF_:ecore::EStructuralFeature = modelFacet.containmentMetaFeature.ecoreFeature in (let _eClass_:ecore::EClass = _containmentMF_.eContainingClass in _eClass_.ePackage.nsURI = 'http://www.kybele.es/elastic/models/e3value/1.0' and _eClass_.name = 'ValueActivity') and _containmentMF_.name = 'hasDependenceElements')">
    <compartmentTraces
        visualID="7065"
        queryText="true"/>
    <compartmentTraces
        visualID="7066"
        queryText="true"/>
  </childNodeTraces>
  <childNodeTraces
      visualID="3088"
      queryText="(let _eClass_:ecore::EClass = modelFacet.metaClass.ecoreClass in _eClass_.ePackage.nsURI = 'http://www.kybele.es/elastic/models/e3value/1.0' and _eClass_.name = 'ValueObject') and (let _containmentMF_:ecore::EStructuralFeature = modelFacet.containmentMetaFeature.ecoreFeature in (let _eClass_:ecore::EClass = _containmentMF_.eContainingClass in _eClass_.ePackage.nsURI = 'http://www.kybele.es/elastic/models/e3value/1.0' and _eClass_.name = 'BusinessActor') and _containmentMF_.name = 'hasValueObjects')">
    <nodeLabelTraces
        visualID="5010"
        queryText="true"/>
  </childNodeTraces>
  <childNodeTraces
      visualID="3089"
      queryText="(let _eClass_:ecore::EClass = modelFacet.metaClass.ecoreClass in _eClass_.ePackage.nsURI = 'http://www.kybele.es/elastic/models/e3value/1.0' and _eClass_.name = 'InputPort') and (let _containmentMF_:ecore::EStructuralFeature = modelFacet.containmentMetaFeature.ecoreFeature in (let _eClass_:ecore::EClass = _containmentMF_.eContainingClass in _eClass_.ePackage.nsURI = 'http://www.kybele.es/elastic/models/e3value/1.0' and _eClass_.name = 'ForkElement') and _containmentMF_.name = 'hasInputPort')"/>
  <childNodeTraces
      visualID="3090"
      queryText="(let _eClass_:ecore::EClass = modelFacet.metaClass.ecoreClass in _eClass_.ePackage.nsURI = 'http://www.kybele.es/elastic/models/e3value/1.0' and _eClass_.name = 'OutputPort') and (let _containmentMF_:ecore::EStructuralFeature = modelFacet.containmentMetaFeature.ecoreFeature in (let _eClass_:ecore::EClass = _containmentMF_.eContainingClass in _eClass_.ePackage.nsURI = 'http://www.kybele.es/elastic/models/e3value/1.0' and _eClass_.name = 'ForkElement') and _containmentMF_.name = 'hasOutputPorts')"/>
  <childNodeTraces
      visualID="3091"
      queryText="(let _eClass_:ecore::EClass = modelFacet.metaClass.ecoreClass in _eClass_.ePackage.nsURI = 'http://www.kybele.es/elastic/models/e3value/1.0' and _eClass_.name = 'InputPort') and (let _containmentMF_:ecore::EStructuralFeature = modelFacet.containmentMetaFeature.ecoreFeature in (let _eClass_:ecore::EClass = _containmentMF_.eContainingClass in _eClass_.ePackage.nsURI = 'http://www.kybele.es/elastic/models/e3value/1.0' and _eClass_.name = 'JoinElement') and _containmentMF_.name = 'hasInputPorts')"/>
  <childNodeTraces
      visualID="3092"
      queryText="(let _eClass_:ecore::EClass = modelFacet.metaClass.ecoreClass in _eClass_.ePackage.nsURI = 'http://www.kybele.es/elastic/models/e3value/1.0' and _eClass_.name = 'OutputPort') and (let _containmentMF_:ecore::EStructuralFeature = modelFacet.containmentMetaFeature.ecoreFeature in (let _eClass_:ecore::EClass = _containmentMF_.eContainingClass in _eClass_.ePackage.nsURI = 'http://www.kybele.es/elastic/models/e3value/1.0' and _eClass_.name = 'JoinElement') and _containmentMF_.name = 'hasOutputPort')"/>
  <childNodeTraces
      visualID="3093"
      queryText="(let _eClass_:ecore::EClass = modelFacet.metaClass.ecoreClass in _eClass_.ePackage.nsURI = 'http://www.kybele.es/elastic/models/e3value/1.0' and _eClass_.name = 'InputPort') and (let _containmentMF_:ecore::EStructuralFeature = modelFacet.containmentMetaFeature.ecoreFeature in (let _eClass_:ecore::EClass = _containmentMF_.eContainingClass in _eClass_.ePackage.nsURI = 'http://www.kybele.es/elastic/models/e3value/1.0' and _eClass_.name = 'ForkElement') and _containmentMF_.name = 'hasInputPort')"/>
  <childNodeTraces
      visualID="3094"
      queryText="(let _eClass_:ecore::EClass = modelFacet.metaClass.ecoreClass in _eClass_.ePackage.nsURI = 'http://www.kybele.es/elastic/models/e3value/1.0' and _eClass_.name = 'OutputPort') and (let _containmentMF_:ecore::EStructuralFeature = modelFacet.containmentMetaFeature.ecoreFeature in (let _eClass_:ecore::EClass = _containmentMF_.eContainingClass in _eClass_.ePackage.nsURI = 'http://www.kybele.es/elastic/models/e3value/1.0' and _eClass_.name = 'ForkElement') and _containmentMF_.name = 'hasOutputPorts')"/>
  <childNodeTraces
      visualID="3095"
      queryText="(let _eClass_:ecore::EClass = modelFacet.metaClass.ecoreClass in _eClass_.ePackage.nsURI = 'http://www.kybele.es/elastic/models/e3value/1.0' and _eClass_.name = 'InputPort') and (let _containmentMF_:ecore::EStructuralFeature = modelFacet.containmentMetaFeature.ecoreFeature in (let _eClass_:ecore::EClass = _containmentMF_.eContainingClass in _eClass_.ePackage.nsURI = 'http://www.kybele.es/elastic/models/e3value/1.0' and _eClass_.name = 'JoinElement') and _containmentMF_.name = 'hasInputPorts')"/>
  <childNodeTraces
      visualID="3096"
      queryText="(let _eClass_:ecore::EClass = modelFacet.metaClass.ecoreClass in _eClass_.ePackage.nsURI = 'http://www.kybele.es/elastic/models/e3value/1.0' and _eClass_.name = 'OutputPort') and (let _containmentMF_:ecore::EStructuralFeature = modelFacet.containmentMetaFeature.ecoreFeature in (let _eClass_:ecore::EClass = _containmentMF_.eContainingClass in _eClass_.ePackage.nsURI = 'http://www.kybele.es/elastic/models/e3value/1.0' and _eClass_.name = 'JoinElement') and _containmentMF_.name = 'hasOutputPort')"/>
  <childNodeTraces
      visualID="3097"
      queryText="(let _eClass_:ecore::EClass = modelFacet.metaClass.ecoreClass in _eClass_.ePackage.nsURI = 'http://www.kybele.es/elastic/models/e3value/1.0' and _eClass_.name = 'ValueObject') and (let _containmentMF_:ecore::EStructuralFeature = modelFacet.containmentMetaFeature.ecoreFeature in (let _eClass_:ecore::EClass = _containmentMF_.eContainingClass in _eClass_.ePackage.nsURI = 'http://www.kybele.es/elastic/models/e3value/1.0' and _eClass_.name = 'BusinessActor') and _containmentMF_.name = 'hasValueObjects')"/>
  <childNodeTraces
      visualID="3098"
      queryText="(let _eClass_:ecore::EClass = modelFacet.metaClass.ecoreClass in _eClass_.ePackage.nsURI = 'http://www.kybele.es/elastic/models/e3value/1.0' and _eClass_.name = 'StartStimulus') and (let _containmentMF_:ecore::EStructuralFeature = modelFacet.containmentMetaFeature.ecoreFeature in (let _eClass_:ecore::EClass = _containmentMF_.eContainingClass in _eClass_.ePackage.nsURI = 'http://www.kybele.es/elastic/models/e3value/1.0' and _eClass_.name = 'ValueActivity') and _containmentMF_.name = 'hasDependenceElements')"/>
  <childNodeTraces
      visualID="3099"
      queryText="(let _eClass_:ecore::EClass = modelFacet.metaClass.ecoreClass in _eClass_.ePackage.nsURI = 'http://www.kybele.es/elastic/models/e3value/1.0' and _eClass_.name = 'EndStimulus') and (let _containmentMF_:ecore::EStructuralFeature = modelFacet.containmentMetaFeature.ecoreFeature in (let _eClass_:ecore::EClass = _containmentMF_.eContainingClass in _eClass_.ePackage.nsURI = 'http://www.kybele.es/elastic/models/e3value/1.0' and _eClass_.name = 'ValueActivity') and _containmentMF_.name = 'hasDependenceElements')"/>
  <childNodeTraces
      visualID="3100"
      queryText="(let _eClass_:ecore::EClass = modelFacet.metaClass.ecoreClass in _eClass_.ePackage.nsURI = 'http://www.kybele.es/elastic/models/e3value/1.0' and _eClass_.name = 'AndFork') and (let _containmentMF_:ecore::EStructuralFeature = modelFacet.containmentMetaFeature.ecoreFeature in (let _eClass_:ecore::EClass = _containmentMF_.eContainingClass in _eClass_.ePackage.nsURI = 'http://www.kybele.es/elastic/models/e3value/1.0' and _eClass_.name = 'ValueActivity') and _containmentMF_.name = 'hasDependenceElements')">
    <compartmentTraces
        visualID="7069"
        queryText="true"/>
    <compartmentTraces
        visualID="7070"
        queryText="true"/>
  </childNodeTraces>
  <childNodeTraces
      visualID="3101"
      queryText="(let _eClass_:ecore::EClass = modelFacet.metaClass.ecoreClass in _eClass_.ePackage.nsURI = 'http://www.kybele.es/elastic/models/e3value/1.0' and _eClass_.name = 'InputPort') and (let _containmentMF_:ecore::EStructuralFeature = modelFacet.containmentMetaFeature.ecoreFeature in (let _eClass_:ecore::EClass = _containmentMF_.eContainingClass in _eClass_.ePackage.nsURI = 'http://www.kybele.es/elastic/models/e3value/1.0' and _eClass_.name = 'ForkElement') and _containmentMF_.name = 'hasInputPort')"/>
  <childNodeTraces
      visualID="3102"
      queryText="(let _eClass_:ecore::EClass = modelFacet.metaClass.ecoreClass in _eClass_.ePackage.nsURI = 'http://www.kybele.es/elastic/models/e3value/1.0' and _eClass_.name = 'OutputPort') and (let _containmentMF_:ecore::EStructuralFeature = modelFacet.containmentMetaFeature.ecoreFeature in (let _eClass_:ecore::EClass = _containmentMF_.eContainingClass in _eClass_.ePackage.nsURI = 'http://www.kybele.es/elastic/models/e3value/1.0' and _eClass_.name = 'ForkElement') and _containmentMF_.name = 'hasOutputPorts')"/>
  <childNodeTraces
      visualID="3103"
      queryText="(let _eClass_:ecore::EClass = modelFacet.metaClass.ecoreClass in _eClass_.ePackage.nsURI = 'http://www.kybele.es/elastic/models/e3value/1.0' and _eClass_.name = 'AndJoin') and (let _containmentMF_:ecore::EStructuralFeature = modelFacet.containmentMetaFeature.ecoreFeature in (let _eClass_:ecore::EClass = _containmentMF_.eContainingClass in _eClass_.ePackage.nsURI = 'http://www.kybele.es/elastic/models/e3value/1.0' and _eClass_.name = 'ValueActivity') and _containmentMF_.name = 'hasDependenceElements')">
    <compartmentTraces
        visualID="7071"
        queryText="true"/>
    <compartmentTraces
        visualID="7072"
        queryText="true"/>
  </childNodeTraces>
  <childNodeTraces
      visualID="3104"
      queryText="(let _eClass_:ecore::EClass = modelFacet.metaClass.ecoreClass in _eClass_.ePackage.nsURI = 'http://www.kybele.es/elastic/models/e3value/1.0' and _eClass_.name = 'InputPort') and (let _containmentMF_:ecore::EStructuralFeature = modelFacet.containmentMetaFeature.ecoreFeature in (let _eClass_:ecore::EClass = _containmentMF_.eContainingClass in _eClass_.ePackage.nsURI = 'http://www.kybele.es/elastic/models/e3value/1.0' and _eClass_.name = 'JoinElement') and _containmentMF_.name = 'hasInputPorts')"/>
  <childNodeTraces
      visualID="3105"
      queryText="(let _eClass_:ecore::EClass = modelFacet.metaClass.ecoreClass in _eClass_.ePackage.nsURI = 'http://www.kybele.es/elastic/models/e3value/1.0' and _eClass_.name = 'OutputPort') and (let _containmentMF_:ecore::EStructuralFeature = modelFacet.containmentMetaFeature.ecoreFeature in (let _eClass_:ecore::EClass = _containmentMF_.eContainingClass in _eClass_.ePackage.nsURI = 'http://www.kybele.es/elastic/models/e3value/1.0' and _eClass_.name = 'JoinElement') and _containmentMF_.name = 'hasOutputPort')"/>
  <childNodeTraces
      visualID="3106"
      queryText="(let _eClass_:ecore::EClass = modelFacet.metaClass.ecoreClass in _eClass_.ePackage.nsURI = 'http://www.kybele.es/elastic/models/e3value/1.0' and _eClass_.name = 'OrFork') and (let _containmentMF_:ecore::EStructuralFeature = modelFacet.containmentMetaFeature.ecoreFeature in (let _eClass_:ecore::EClass = _containmentMF_.eContainingClass in _eClass_.ePackage.nsURI = 'http://www.kybele.es/elastic/models/e3value/1.0' and _eClass_.name = 'ValueActivity') and _containmentMF_.name = 'hasDependenceElements')">
    <compartmentTraces
        visualID="7073"
        queryText="true"/>
    <compartmentTraces
        visualID="7074"
        queryText="true"/>
  </childNodeTraces>
  <childNodeTraces
      visualID="3107"
      queryText="(let _eClass_:ecore::EClass = modelFacet.metaClass.ecoreClass in _eClass_.ePackage.nsURI = 'http://www.kybele.es/elastic/models/e3value/1.0' and _eClass_.name = 'InputPort') and (let _containmentMF_:ecore::EStructuralFeature = modelFacet.containmentMetaFeature.ecoreFeature in (let _eClass_:ecore::EClass = _containmentMF_.eContainingClass in _eClass_.ePackage.nsURI = 'http://www.kybele.es/elastic/models/e3value/1.0' and _eClass_.name = 'ForkElement') and _containmentMF_.name = 'hasInputPort')"/>
  <childNodeTraces
      visualID="3108"
      queryText="(let _eClass_:ecore::EClass = modelFacet.metaClass.ecoreClass in _eClass_.ePackage.nsURI = 'http://www.kybele.es/elastic/models/e3value/1.0' and _eClass_.name = 'OutputPort') and (let _containmentMF_:ecore::EStructuralFeature = modelFacet.containmentMetaFeature.ecoreFeature in (let _eClass_:ecore::EClass = _containmentMF_.eContainingClass in _eClass_.ePackage.nsURI = 'http://www.kybele.es/elastic/models/e3value/1.0' and _eClass_.name = 'ForkElement') and _containmentMF_.name = 'hasOutputPorts')"/>
  <childNodeTraces
      visualID="3109"
      queryText="(let _eClass_:ecore::EClass = modelFacet.metaClass.ecoreClass in _eClass_.ePackage.nsURI = 'http://www.kybele.es/elastic/models/e3value/1.0' and _eClass_.name = 'OrJoin') and (let _containmentMF_:ecore::EStructuralFeature = modelFacet.containmentMetaFeature.ecoreFeature in (let _eClass_:ecore::EClass = _containmentMF_.eContainingClass in _eClass_.ePackage.nsURI = 'http://www.kybele.es/elastic/models/e3value/1.0' and _eClass_.name = 'ValueActivity') and _containmentMF_.name = 'hasDependenceElements')">
    <compartmentTraces
        visualID="7075"
        queryText="true"/>
    <compartmentTraces
        visualID="7076"
        queryText="true"/>
  </childNodeTraces>
  <childNodeTraces
      visualID="3110"
      queryText="(let _eClass_:ecore::EClass = modelFacet.metaClass.ecoreClass in _eClass_.ePackage.nsURI = 'http://www.kybele.es/elastic/models/e3value/1.0' and _eClass_.name = 'InputPort') and (let _containmentMF_:ecore::EStructuralFeature = modelFacet.containmentMetaFeature.ecoreFeature in (let _eClass_:ecore::EClass = _containmentMF_.eContainingClass in _eClass_.ePackage.nsURI = 'http://www.kybele.es/elastic/models/e3value/1.0' and _eClass_.name = 'JoinElement') and _containmentMF_.name = 'hasInputPorts')"/>
  <childNodeTraces
      visualID="3111"
      queryText="(let _eClass_:ecore::EClass = modelFacet.metaClass.ecoreClass in _eClass_.ePackage.nsURI = 'http://www.kybele.es/elastic/models/e3value/1.0' and _eClass_.name = 'OutputPort') and (let _containmentMF_:ecore::EStructuralFeature = modelFacet.containmentMetaFeature.ecoreFeature in (let _eClass_:ecore::EClass = _containmentMF_.eContainingClass in _eClass_.ePackage.nsURI = 'http://www.kybele.es/elastic/models/e3value/1.0' and _eClass_.name = 'JoinElement') and _containmentMF_.name = 'hasOutputPort')"/>
  <childNodeTraces
      visualID="3112"
      queryText="(let _eClass_:ecore::EClass = modelFacet.metaClass.ecoreClass in _eClass_.ePackage.nsURI = 'http://www.kybele.es/elastic/models/e3value/1.0' and _eClass_.name = 'ValueInterface') and (let _containmentMF_:ecore::EStructuralFeature = modelFacet.containmentMetaFeature.ecoreFeature in (let _eClass_:ecore::EClass = _containmentMF_.eContainingClass in _eClass_.ePackage.nsURI = 'http://www.kybele.es/elastic/models/e3value/1.0' and _eClass_.name = 'BusinessActor') and _containmentMF_.name = 'hasValueInterfaces')">
    <compartmentTraces
        visualID="7077"
        queryText="true"/>
    <compartmentTraces
        visualID="7078"
        queryText="true"/>
    <compartmentTraces
        visualID="7079"
        queryText="true"/>
  </childNodeTraces>
  <childNodeTraces
      visualID="3113"
      queryText="(let _eClass_:ecore::EClass = modelFacet.metaClass.ecoreClass in _eClass_.ePackage.nsURI = 'http://www.kybele.es/elastic/models/e3value/1.0' and _eClass_.name = 'ValuePortIn') and (let _containmentMF_:ecore::EStructuralFeature = modelFacet.containmentMetaFeature.ecoreFeature in (let _eClass_:ecore::EClass = _containmentMF_.eContainingClass in _eClass_.ePackage.nsURI = 'http://www.kybele.es/elastic/models/e3value/1.0' and _eClass_.name = 'ValueInterface') and _containmentMF_.name = 'hasValuePortIn')"/>
  <childNodeTraces
      visualID="3114"
      queryText="(let _eClass_:ecore::EClass = modelFacet.metaClass.ecoreClass in _eClass_.ePackage.nsURI = 'http://www.kybele.es/elastic/models/e3value/1.0' and _eClass_.name = 'ValuePortOut') and (let _containmentMF_:ecore::EStructuralFeature = modelFacet.containmentMetaFeature.ecoreFeature in (let _eClass_:ecore::EClass = _containmentMF_.eContainingClass in _eClass_.ePackage.nsURI = 'http://www.kybele.es/elastic/models/e3value/1.0' and _eClass_.name = 'ValueInterface') and _containmentMF_.name = 'hasValuePortOut')"/>
  <childNodeTraces
      visualID="3115"
      queryText="(let _eClass_:ecore::EClass = modelFacet.metaClass.ecoreClass in _eClass_.ePackage.nsURI = 'http://www.kybele.es/elastic/models/e3value/1.0' and _eClass_.name = 'ResponsabilityElement') and (let _containmentMF_:ecore::EStructuralFeature = modelFacet.containmentMetaFeature.ecoreFeature in (let _eClass_:ecore::EClass = _containmentMF_.eContainingClass in _eClass_.ePackage.nsURI = 'http://www.kybele.es/elastic/models/e3value/1.0' and _eClass_.name = 'ValueInterface') and _containmentMF_.name = 'bindsResponsabilityElement')"/>
  <childNodeTraces
      visualID="3116"
      queryText="(let _eClass_:ecore::EClass = modelFacet.metaClass.ecoreClass in _eClass_.ePackage.nsURI = 'http://www.kybele.es/elastic/models/e3value/1.0' and _eClass_.name = 'ValueActivity') and (let _containmentMF_:ecore::EStructuralFeature = modelFacet.containmentMetaFeature.ecoreFeature in (let _eClass_:ecore::EClass = _containmentMF_.eContainingClass in _eClass_.ePackage.nsURI = 'http://www.kybele.es/elastic/models/e3value/1.0' and _eClass_.name = 'BusinessActor') and _containmentMF_.name = 'hasValueActivities')">
    <nodeLabelTraces
        visualID="5012"
        queryText="true"/>
    <compartmentTraces
        visualID="7080"
        queryText="true"/>
  </childNodeTraces>
  <childNodeTraces
      visualID="3117"
      queryText="(let _eClass_:ecore::EClass = modelFacet.metaClass.ecoreClass in _eClass_.ePackage.nsURI = 'http://www.kybele.es/elastic/models/e3value/1.0' and _eClass_.name = 'ValueInterface') and (let _containmentMF_:ecore::EStructuralFeature = modelFacet.containmentMetaFeature.ecoreFeature in (let _eClass_:ecore::EClass = _containmentMF_.eContainingClass in _eClass_.ePackage.nsURI = 'http://www.kybele.es/elastic/models/e3value/1.0' and _eClass_.name = 'ValueActivity') and _containmentMF_.name = 'hasValueInterfaces')">
    <compartmentTraces
        visualID="7081"
        queryText="true"/>
    <compartmentTraces
        visualID="7082"
        queryText="true"/>
    <compartmentTraces
        visualID="7083"
        queryText="true"/>
  </childNodeTraces>
  <childNodeTraces
      visualID="3118"
      queryText="(let _eClass_:ecore::EClass = modelFacet.metaClass.ecoreClass in _eClass_.ePackage.nsURI = 'http://www.kybele.es/elastic/models/e3value/1.0' and _eClass_.name = 'ValuePortIn') and (let _containmentMF_:ecore::EStructuralFeature = modelFacet.containmentMetaFeature.ecoreFeature in (let _eClass_:ecore::EClass = _containmentMF_.eContainingClass in _eClass_.ePackage.nsURI = 'http://www.kybele.es/elastic/models/e3value/1.0' and _eClass_.name = 'ValueInterface') and _containmentMF_.name = 'hasValuePortIn')"/>
  <childNodeTraces
      visualID="3119"
      queryText="(let _eClass_:ecore::EClass = modelFacet.metaClass.ecoreClass in _eClass_.ePackage.nsURI = 'http://www.kybele.es/elastic/models/e3value/1.0' and _eClass_.name = 'ValuePortOut') and (let _containmentMF_:ecore::EStructuralFeature = modelFacet.containmentMetaFeature.ecoreFeature in (let _eClass_:ecore::EClass = _containmentMF_.eContainingClass in _eClass_.ePackage.nsURI = 'http://www.kybele.es/elastic/models/e3value/1.0' and _eClass_.name = 'ValueInterface') and _containmentMF_.name = 'hasValuePortOut')"/>
  <childNodeTraces
      visualID="3120"
      queryText="(let _eClass_:ecore::EClass = modelFacet.metaClass.ecoreClass in _eClass_.ePackage.nsURI = 'http://www.kybele.es/elastic/models/e3value/1.0' and _eClass_.name = 'ResponsabilityElement') and (let _containmentMF_:ecore::EStructuralFeature = modelFacet.containmentMetaFeature.ecoreFeature in (let _eClass_:ecore::EClass = _containmentMF_.eContainingClass in _eClass_.ePackage.nsURI = 'http://www.kybele.es/elastic/models/e3value/1.0' and _eClass_.name = 'ValueInterface') and _containmentMF_.name = 'bindsResponsabilityElement')"/>
  <childNodeTraces
      visualID="3121"
      queryText="(let _eClass_:ecore::EClass = modelFacet.metaClass.ecoreClass in _eClass_.ePackage.nsURI = 'http://www.kybele.es/elastic/models/e3value/1.0' and _eClass_.name = 'StartStimulus') and (let _containmentMF_:ecore::EStructuralFeature = modelFacet.containmentMetaFeature.ecoreFeature in (let _eClass_:ecore::EClass = _containmentMF_.eContainingClass in _eClass_.ePackage.nsURI = 'http://www.kybele.es/elastic/models/e3value/1.0' and _eClass_.name = 'ValueActivity') and _containmentMF_.name = 'hasDependenceElements')"/>
  <childNodeTraces
      visualID="3122"
      queryText="(let _eClass_:ecore::EClass = modelFacet.metaClass.ecoreClass in _eClass_.ePackage.nsURI = 'http://www.kybele.es/elastic/models/e3value/1.0' and _eClass_.name = 'EndStimulus') and (let _containmentMF_:ecore::EStructuralFeature = modelFacet.containmentMetaFeature.ecoreFeature in (let _eClass_:ecore::EClass = _containmentMF_.eContainingClass in _eClass_.ePackage.nsURI = 'http://www.kybele.es/elastic/models/e3value/1.0' and _eClass_.name = 'ValueActivity') and _containmentMF_.name = 'hasDependenceElements')"/>
  <childNodeTraces
      visualID="3123"
      queryText="(let _eClass_:ecore::EClass = modelFacet.metaClass.ecoreClass in _eClass_.ePackage.nsURI = 'http://www.kybele.es/elastic/models/e3value/1.0' and _eClass_.name = 'AndFork') and (let _containmentMF_:ecore::EStructuralFeature = modelFacet.containmentMetaFeature.ecoreFeature in (let _eClass_:ecore::EClass = _containmentMF_.eContainingClass in _eClass_.ePackage.nsURI = 'http://www.kybele.es/elastic/models/e3value/1.0' and _eClass_.name = 'ValueActivity') and _containmentMF_.name = 'hasDependenceElements')">
    <compartmentTraces
        visualID="7084"
        queryText="true"/>
    <compartmentTraces
        visualID="7085"
        queryText="true"/>
  </childNodeTraces>
  <childNodeTraces
      visualID="3124"
      queryText="(let _eClass_:ecore::EClass = modelFacet.metaClass.ecoreClass in _eClass_.ePackage.nsURI = 'http://www.kybele.es/elastic/models/e3value/1.0' and _eClass_.name = 'InputPort') and (let _containmentMF_:ecore::EStructuralFeature = modelFacet.containmentMetaFeature.ecoreFeature in (let _eClass_:ecore::EClass = _containmentMF_.eContainingClass in _eClass_.ePackage.nsURI = 'http://www.kybele.es/elastic/models/e3value/1.0' and _eClass_.name = 'ForkElement') and _containmentMF_.name = 'hasInputPort')"/>
  <childNodeTraces
      visualID="3125"
      queryText="(let _eClass_:ecore::EClass = modelFacet.metaClass.ecoreClass in _eClass_.ePackage.nsURI = 'http://www.kybele.es/elastic/models/e3value/1.0' and _eClass_.name = 'OutputPort') and (let _containmentMF_:ecore::EStructuralFeature = modelFacet.containmentMetaFeature.ecoreFeature in (let _eClass_:ecore::EClass = _containmentMF_.eContainingClass in _eClass_.ePackage.nsURI = 'http://www.kybele.es/elastic/models/e3value/1.0' and _eClass_.name = 'ForkElement') and _containmentMF_.name = 'hasOutputPorts')"/>
  <childNodeTraces
      visualID="3126"
      queryText="(let _eClass_:ecore::EClass = modelFacet.metaClass.ecoreClass in _eClass_.ePackage.nsURI = 'http://www.kybele.es/elastic/models/e3value/1.0' and _eClass_.name = 'AndJoin') and (let _containmentMF_:ecore::EStructuralFeature = modelFacet.containmentMetaFeature.ecoreFeature in (let _eClass_:ecore::EClass = _containmentMF_.eContainingClass in _eClass_.ePackage.nsURI = 'http://www.kybele.es/elastic/models/e3value/1.0' and _eClass_.name = 'ValueActivity') and _containmentMF_.name = 'hasDependenceElements')">
    <compartmentTraces
        visualID="7086"
        queryText="true"/>
    <compartmentTraces
        visualID="7087"
        queryText="true"/>
  </childNodeTraces>
  <childNodeTraces
      visualID="3127"
      queryText="(let _eClass_:ecore::EClass = modelFacet.metaClass.ecoreClass in _eClass_.ePackage.nsURI = 'http://www.kybele.es/elastic/models/e3value/1.0' and _eClass_.name = 'InputPort') and (let _containmentMF_:ecore::EStructuralFeature = modelFacet.containmentMetaFeature.ecoreFeature in (let _eClass_:ecore::EClass = _containmentMF_.eContainingClass in _eClass_.ePackage.nsURI = 'http://www.kybele.es/elastic/models/e3value/1.0' and _eClass_.name = 'JoinElement') and _containmentMF_.name = 'hasInputPorts')"/>
  <childNodeTraces
      visualID="3128"
      queryText="(let _eClass_:ecore::EClass = modelFacet.metaClass.ecoreClass in _eClass_.ePackage.nsURI = 'http://www.kybele.es/elastic/models/e3value/1.0' and _eClass_.name = 'OutputPort') and (let _containmentMF_:ecore::EStructuralFeature = modelFacet.containmentMetaFeature.ecoreFeature in (let _eClass_:ecore::EClass = _containmentMF_.eContainingClass in _eClass_.ePackage.nsURI = 'http://www.kybele.es/elastic/models/e3value/1.0' and _eClass_.name = 'JoinElement') and _containmentMF_.name = 'hasOutputPort')"/>
  <childNodeTraces
      visualID="3129"
      queryText="(let _eClass_:ecore::EClass = modelFacet.metaClass.ecoreClass in _eClass_.ePackage.nsURI = 'http://www.kybele.es/elastic/models/e3value/1.0' and _eClass_.name = 'OrFork') and (let _containmentMF_:ecore::EStructuralFeature = modelFacet.containmentMetaFeature.ecoreFeature in (let _eClass_:ecore::EClass = _containmentMF_.eContainingClass in _eClass_.ePackage.nsURI = 'http://www.kybele.es/elastic/models/e3value/1.0' and _eClass_.name = 'ValueActivity') and _containmentMF_.name = 'hasDependenceElements')">
    <compartmentTraces
        visualID="7088"
        queryText="true"/>
    <compartmentTraces
        visualID="7089"
        queryText="true"/>
  </childNodeTraces>
  <childNodeTraces
      visualID="3130"
      queryText="(let _eClass_:ecore::EClass = modelFacet.metaClass.ecoreClass in _eClass_.ePackage.nsURI = 'http://www.kybele.es/elastic/models/e3value/1.0' and _eClass_.name = 'InputPort') and (let _containmentMF_:ecore::EStructuralFeature = modelFacet.containmentMetaFeature.ecoreFeature in (let _eClass_:ecore::EClass = _containmentMF_.eContainingClass in _eClass_.ePackage.nsURI = 'http://www.kybele.es/elastic/models/e3value/1.0' and _eClass_.name = 'ForkElement') and _containmentMF_.name = 'hasInputPort')"/>
  <childNodeTraces
      visualID="3131"
      queryText="(let _eClass_:ecore::EClass = modelFacet.metaClass.ecoreClass in _eClass_.ePackage.nsURI = 'http://www.kybele.es/elastic/models/e3value/1.0' and _eClass_.name = 'OutputPort') and (let _containmentMF_:ecore::EStructuralFeature = modelFacet.containmentMetaFeature.ecoreFeature in (let _eClass_:ecore::EClass = _containmentMF_.eContainingClass in _eClass_.ePackage.nsURI = 'http://www.kybele.es/elastic/models/e3value/1.0' and _eClass_.name = 'ForkElement') and _containmentMF_.name = 'hasOutputPorts')"/>
  <childNodeTraces
      visualID="3132"
      queryText="(let _eClass_:ecore::EClass = modelFacet.metaClass.ecoreClass in _eClass_.ePackage.nsURI = 'http://www.kybele.es/elastic/models/e3value/1.0' and _eClass_.name = 'OrJoin') and (let _containmentMF_:ecore::EStructuralFeature = modelFacet.containmentMetaFeature.ecoreFeature in (let _eClass_:ecore::EClass = _containmentMF_.eContainingClass in _eClass_.ePackage.nsURI = 'http://www.kybele.es/elastic/models/e3value/1.0' and _eClass_.name = 'ValueActivity') and _containmentMF_.name = 'hasDependenceElements')">
    <compartmentTraces
        visualID="7090"
        queryText="true"/>
    <compartmentTraces
        visualID="7091"
        queryText="true"/>
  </childNodeTraces>
  <childNodeTraces
      visualID="3133"
      queryText="(let _eClass_:ecore::EClass = modelFacet.metaClass.ecoreClass in _eClass_.ePackage.nsURI = 'http://www.kybele.es/elastic/models/e3value/1.0' and _eClass_.name = 'InputPort') and (let _containmentMF_:ecore::EStructuralFeature = modelFacet.containmentMetaFeature.ecoreFeature in (let _eClass_:ecore::EClass = _containmentMF_.eContainingClass in _eClass_.ePackage.nsURI = 'http://www.kybele.es/elastic/models/e3value/1.0' and _eClass_.name = 'JoinElement') and _containmentMF_.name = 'hasInputPorts')"/>
  <childNodeTraces
      visualID="3134"
      queryText="(let _eClass_:ecore::EClass = modelFacet.metaClass.ecoreClass in _eClass_.ePackage.nsURI = 'http://www.kybele.es/elastic/models/e3value/1.0' and _eClass_.name = 'OutputPort') and (let _containmentMF_:ecore::EStructuralFeature = modelFacet.containmentMetaFeature.ecoreFeature in (let _eClass_:ecore::EClass = _containmentMF_.eContainingClass in _eClass_.ePackage.nsURI = 'http://www.kybele.es/elastic/models/e3value/1.0' and _eClass_.name = 'JoinElement') and _containmentMF_.name = 'hasOutputPort')"/>
  <childNodeTraces
      visualID="3135"
      queryText="(let _eClass_:ecore::EClass = modelFacet.metaClass.ecoreClass in _eClass_.ePackage.nsURI = 'http://www.kybele.es/elastic/models/e3value/1.0' and _eClass_.name = 'StartStimulus') and (let _containmentMF_:ecore::EStructuralFeature = modelFacet.containmentMetaFeature.ecoreFeature in (let _eClass_:ecore::EClass = _containmentMF_.eContainingClass in _eClass_.ePackage.nsURI = 'http://www.kybele.es/elastic/models/e3value/1.0' and _eClass_.name = 'BusinessActor') and _containmentMF_.name = 'hasDependenceElements')"/>
  <childNodeTraces
      visualID="3136"
      queryText="(let _eClass_:ecore::EClass = modelFacet.metaClass.ecoreClass in _eClass_.ePackage.nsURI = 'http://www.kybele.es/elastic/models/e3value/1.0' and _eClass_.name = 'EndStimulus') and (let _containmentMF_:ecore::EStructuralFeature = modelFacet.containmentMetaFeature.ecoreFeature in (let _eClass_:ecore::EClass = _containmentMF_.eContainingClass in _eClass_.ePackage.nsURI = 'http://www.kybele.es/elastic/models/e3value/1.0' and _eClass_.name = 'BusinessActor') and _containmentMF_.name = 'hasDependenceElements')"/>
  <childNodeTraces
      visualID="3137"
      queryText="(let _eClass_:ecore::EClass = modelFacet.metaClass.ecoreClass in _eClass_.ePackage.nsURI = 'http://www.kybele.es/elastic/models/e3value/1.0' and _eClass_.name = 'InputPort') and (let _containmentMF_:ecore::EStructuralFeature = modelFacet.containmentMetaFeature.ecoreFeature in (let _eClass_:ecore::EClass = _containmentMF_.eContainingClass in _eClass_.ePackage.nsURI = 'http://www.kybele.es/elastic/models/e3value/1.0' and _eClass_.name = 'ForkElement') and _containmentMF_.name = 'hasInputPort')"/>
  <childNodeTraces
      visualID="3138"
      queryText="(let _eClass_:ecore::EClass = modelFacet.metaClass.ecoreClass in _eClass_.ePackage.nsURI = 'http://www.kybele.es/elastic/models/e3value/1.0' and _eClass_.name = 'OutputPort') and (let _containmentMF_:ecore::EStructuralFeature = modelFacet.containmentMetaFeature.ecoreFeature in (let _eClass_:ecore::EClass = _containmentMF_.eContainingClass in _eClass_.ePackage.nsURI = 'http://www.kybele.es/elastic/models/e3value/1.0' and _eClass_.name = 'ForkElement') and _containmentMF_.name = 'hasOutputPorts')"/>
  <childNodeTraces
      visualID="3139"
      queryText="(let _eClass_:ecore::EClass = modelFacet.metaClass.ecoreClass in _eClass_.ePackage.nsURI = 'http://www.kybele.es/elastic/models/e3value/1.0' and _eClass_.name = 'InputPort') and (let _containmentMF_:ecore::EStructuralFeature = modelFacet.containmentMetaFeature.ecoreFeature in (let _eClass_:ecore::EClass = _containmentMF_.eContainingClass in _eClass_.ePackage.nsURI = 'http://www.kybele.es/elastic/models/e3value/1.0' and _eClass_.name = 'JoinElement') and _containmentMF_.name = 'hasInputPorts')"/>
  <childNodeTraces
      visualID="3140"
      queryText="(let _eClass_:ecore::EClass = modelFacet.metaClass.ecoreClass in _eClass_.ePackage.nsURI = 'http://www.kybele.es/elastic/models/e3value/1.0' and _eClass_.name = 'OutputPort') and (let _containmentMF_:ecore::EStructuralFeature = modelFacet.containmentMetaFeature.ecoreFeature in (let _eClass_:ecore::EClass = _containmentMF_.eContainingClass in _eClass_.ePackage.nsURI = 'http://www.kybele.es/elastic/models/e3value/1.0' and _eClass_.name = 'JoinElement') and _containmentMF_.name = 'hasOutputPort')"/>
  <childNodeTraces
      visualID="3141"
      queryText="(let _eClass_:ecore::EClass = modelFacet.metaClass.ecoreClass in _eClass_.ePackage.nsURI = 'http://www.kybele.es/elastic/models/e3value/1.0' and _eClass_.name = 'InputPort') and (let _containmentMF_:ecore::EStructuralFeature = modelFacet.containmentMetaFeature.ecoreFeature in (let _eClass_:ecore::EClass = _containmentMF_.eContainingClass in _eClass_.ePackage.nsURI = 'http://www.kybele.es/elastic/models/e3value/1.0' and _eClass_.name = 'ForkElement') and _containmentMF_.name = 'hasInputPort')"/>
  <childNodeTraces
      visualID="3142"
      queryText="(let _eClass_:ecore::EClass = modelFacet.metaClass.ecoreClass in _eClass_.ePackage.nsURI = 'http://www.kybele.es/elastic/models/e3value/1.0' and _eClass_.name = 'OutputPort') and (let _containmentMF_:ecore::EStructuralFeature = modelFacet.containmentMetaFeature.ecoreFeature in (let _eClass_:ecore::EClass = _containmentMF_.eContainingClass in _eClass_.ePackage.nsURI = 'http://www.kybele.es/elastic/models/e3value/1.0' and _eClass_.name = 'ForkElement') and _containmentMF_.name = 'hasOutputPorts')"/>
  <childNodeTraces
      visualID="3143"
      queryText="(let _eClass_:ecore::EClass = modelFacet.metaClass.ecoreClass in _eClass_.ePackage.nsURI = 'http://www.kybele.es/elastic/models/e3value/1.0' and _eClass_.name = 'InputPort') and (let _containmentMF_:ecore::EStructuralFeature = modelFacet.containmentMetaFeature.ecoreFeature in (let _eClass_:ecore::EClass = _containmentMF_.eContainingClass in _eClass_.ePackage.nsURI = 'http://www.kybele.es/elastic/models/e3value/1.0' and _eClass_.name = 'JoinElement') and _containmentMF_.name = 'hasInputPorts')"/>
  <childNodeTraces
      visualID="3144"
      queryText="(let _eClass_:ecore::EClass = modelFacet.metaClass.ecoreClass in _eClass_.ePackage.nsURI = 'http://www.kybele.es/elastic/models/e3value/1.0' and _eClass_.name = 'OutputPort') and (let _containmentMF_:ecore::EStructuralFeature = modelFacet.containmentMetaFeature.ecoreFeature in (let _eClass_:ecore::EClass = _containmentMF_.eContainingClass in _eClass_.ePackage.nsURI = 'http://www.kybele.es/elastic/models/e3value/1.0' and _eClass_.name = 'JoinElement') and _containmentMF_.name = 'hasOutputPort')"/>
  <linkTraces
      visualID="4001"
      queryText="modelFacet.oclIsKindOf(gmfgen::TypeLinkModelFacet) and (let _eClass_:ecore::EClass = modelFacet.oclAsType(gmfgen::TypeLinkModelFacet).metaClass.ecoreClass in _eClass_.ePackage.nsURI = 'http://www.kybele.es/elastic/models/e3value/1.0' and _eClass_.name = 'ConnectionElement')"/>
  <linkTraces
      visualID="4002"
      queryText="modelFacet.oclIsKindOf(gmfgen::TypeLinkModelFacet) and (let _eClass_:ecore::EClass = modelFacet.oclAsType(gmfgen::TypeLinkModelFacet).metaClass.ecoreClass in _eClass_.ePackage.nsURI = 'http://www.kybele.es/elastic/models/e3value/1.0' and _eClass_.name = 'ValueExchange')"/>
  <linkTraces
      visualID="4005"
      queryText="modelFacet.oclIsKindOf(gmfgen::FeatureLinkModelFacet) and (let _feature_:ecore::EStructuralFeature = modelFacet.oclAsType(gmfgen::FeatureLinkModelFacet).metaFeature.ecoreFeature in (let _eClass_:ecore::EClass = _feature_.eContainingClass in _eClass_.ePackage.nsURI = 'http://www.kybele.es/elastic/models/e3value/1.0' and _eClass_.name = 'ValueExchange') and _feature_.name = 'hasValueObject')"/>
</trace:TraceModel>
